mode: set
nyx/internal/dbgen/actions.sql.go:31.93,53.2 4 0
nyx/internal/dbgen/actions.sql.go:68.97,86.2 4 0
nyx/internal/dbgen/actions.sql.go:106.93,115.2 2 0
nyx/internal/dbgen/actions.sql.go:145.93,173.2 4 0
nyx/internal/dbgen/actions.sql.go:203.111,226.2 4 0
nyx/internal/dbgen/actions.sql.go:235.91,237.16 2 0
nyx/internal/dbgen/actions.sql.go:237.16,239.3 1 0
nyx/internal/dbgen/actions.sql.go:240.2,242.18 3 0
nyx/internal/dbgen/actions.sql.go:242.18,257.17 2 0
nyx/internal/dbgen/actions.sql.go:257.17,259.4 1 0
nyx/internal/dbgen/actions.sql.go:260.3,260.27 1 0
nyx/internal/dbgen/actions.sql.go:262.2,262.37 1 0
nyx/internal/dbgen/actions.sql.go:262.37,264.3 1 0
nyx/internal/dbgen/actions.sql.go:265.2,265.35 1 0
nyx/internal/dbgen/actions.sql.go:265.35,267.3 1 0
nyx/internal/dbgen/actions.sql.go:268.2,268.19 1 0
nyx/internal/dbgen/actions.sql.go:278.95,280.16 2 0
nyx/internal/dbgen/actions.sql.go:280.16,282.3 1 0
nyx/internal/dbgen/actions.sql.go:283.2,285.18 3 0
nyx/internal/dbgen/actions.sql.go:285.18,296.17 2 0
nyx/internal/dbgen/actions.sql.go:296.17,298.4 1 0
nyx/internal/dbgen/actions.sql.go:299.3,299.27 1 0
nyx/internal/dbgen/actions.sql.go:301.2,301.37 1 0
nyx/internal/dbgen/actions.sql.go:301.37,303.3 1 0
nyx/internal/dbgen/actions.sql.go:304.2,304.35 1 0
nyx/internal/dbgen/actions.sql.go:304.35,306.3 1 0
nyx/internal/dbgen/actions.sql.go:307.2,307.19 1 0
nyx/internal/dbgen/actions.sql.go:329.111,331.16 2 0
nyx/internal/dbgen/actions.sql.go:331.16,333.3 1 0
nyx/internal/dbgen/actions.sql.go:334.2,336.18 3 0
nyx/internal/dbgen/actions.sql.go:336.18,348.17 2 0
nyx/internal/dbgen/actions.sql.go:348.17,350.4 1 0
nyx/internal/dbgen/actions.sql.go:351.3,351.27 1 0
nyx/internal/dbgen/actions.sql.go:353.2,353.37 1 0
nyx/internal/dbgen/actions.sql.go:353.37,355.3 1 0
nyx/internal/dbgen/actions.sql.go:356.2,356.35 1 0
nyx/internal/dbgen/actions.sql.go:356.35,358.3 1 0
nyx/internal/dbgen/actions.sql.go:359.2,359.19 1 0
nyx/internal/dbgen/agents.sql.go:26.90,45.2 4 0
nyx/internal/dbgen/agents.sql.go:54.89,56.16 2 0
nyx/internal/dbgen/agents.sql.go:56.16,58.3 1 0
nyx/internal/dbgen/agents.sql.go:59.2,61.18 3 0
nyx/internal/dbgen/agents.sql.go:61.18,71.17 2 0
nyx/internal/dbgen/agents.sql.go:71.17,73.4 1 0
nyx/internal/dbgen/agents.sql.go:74.3,74.27 1 0
nyx/internal/dbgen/agents.sql.go:76.2,76.37 1 0
nyx/internal/dbgen/agents.sql.go:76.37,78.3 1 0
nyx/internal/dbgen/agents.sql.go:79.2,79.35 1 0
nyx/internal/dbgen/agents.sql.go:79.35,81.3 1 0
nyx/internal/dbgen/agents.sql.go:82.2,82.19 1 0
nyx/internal/dbgen/agents.sql.go:96.93,99.2 2 0
nyx/internal/dbgen/db.go:19.28,21.2 1 0
nyx/internal/dbgen/db.go:27.47,31.2 1 0
nyx/internal/dbgen/events.sql.go:25.90,27.16 2 0
nyx/internal/dbgen/events.sql.go:27.16,29.3 1 0
nyx/internal/dbgen/events.sql.go:30.2,32.18 3 0
nyx/internal/dbgen/events.sql.go:32.18,42.17 2 0
nyx/internal/dbgen/events.sql.go:42.17,44.4 1 0
nyx/internal/dbgen/events.sql.go:45.3,45.27 1 0
nyx/internal/dbgen/events.sql.go:47.2,47.37 1 0
nyx/internal/dbgen/events.sql.go:47.37,49.3 1 0
nyx/internal/dbgen/events.sql.go:50.2,50.35 1 0
nyx/internal/dbgen/events.sql.go:50.35,52.3 1 0
nyx/internal/dbgen/events.sql.go:53.2,53.19 1 0
nyx/internal/dbgen/events.sql.go:70.90,89.2 4 0
nyx/internal/dbgen/findings.sql.go:26.90,44.2 4 0
nyx/internal/dbgen/findings.sql.go:53.93,55.16 2 0
nyx/internal/dbgen/findings.sql.go:55.16,57.3 1 0
nyx/internal/dbgen/findings.sql.go:58.2,60.18 3 0
nyx/internal/dbgen/findings.sql.go:60.18,69.17 2 0
nyx/internal/dbgen/findings.sql.go:69.17,71.4 1 0
nyx/internal/dbgen/findings.sql.go:72.3,72.27 1 0
nyx/internal/dbgen/findings.sql.go:74.2,74.37 1 0
nyx/internal/dbgen/findings.sql.go:74.37,76.3 1 0
nyx/internal/dbgen/findings.sql.go:77.2,77.35 1 0
nyx/internal/dbgen/findings.sql.go:77.35,79.3 1 0
nyx/internal/dbgen/findings.sql.go:80.2,80.19 1 0
nyx/internal/dbgen/flows.sql.go:39.92,52.2 4 0
nyx/internal/dbgen/flows.sql.go:78.96,97.2 4 0
nyx/internal/dbgen/flows.sql.go:115.79,128.2 4 0
nyx/internal/dbgen/flows.sql.go:146.74,148.16 2 0
nyx/internal/dbgen/flows.sql.go:148.16,150.3 1 0
nyx/internal/dbgen/flows.sql.go:151.2,153.18 3 0
nyx/internal/dbgen/flows.sql.go:153.18,163.17 2 0
nyx/internal/dbgen/flows.sql.go:163.17,165.4 1 0
nyx/internal/dbgen/flows.sql.go:166.3,166.27 1 0
nyx/internal/dbgen/flows.sql.go:168.2,168.37 1 0
nyx/internal/dbgen/flows.sql.go:168.37,170.3 1 0
nyx/internal/dbgen/flows.sql.go:171.2,171.35 1 0
nyx/internal/dbgen/flows.sql.go:171.35,173.3 1 0
nyx/internal/dbgen/flows.sql.go:174.2,174.19 1 0
nyx/internal/dbgen/flows.sql.go:194.83,207.2 4 0
nyx/internal/dbgen/flows.sql.go:231.114,244.2 4 0
nyx/internal/dbgen/memory.sql.go:39.93,59.2 4 0
nyx/internal/dbgen/memory.sql.go:78.107,80.16 2 0
nyx/internal/dbgen/memory.sql.go:80.16,82.3 1 0
nyx/internal/dbgen/memory.sql.go:83.2,85.18 3 0
nyx/internal/dbgen/memory.sql.go:85.18,95.17 2 0
nyx/internal/dbgen/memory.sql.go:95.17,97.4 1 0
nyx/internal/dbgen/memory.sql.go:98.3,98.27 1 0
nyx/internal/dbgen/memory.sql.go:100.2,100.37 1 0
nyx/internal/dbgen/memory.sql.go:100.37,102.3 1 0
nyx/internal/dbgen/memory.sql.go:103.2,103.35 1 0
nyx/internal/dbgen/memory.sql.go:103.35,105.3 1 0
nyx/internal/dbgen/memory.sql.go:106.2,106.19 1 0
nyx/internal/dbgen/memory.sql.go:131.110,133.16 2 0
nyx/internal/dbgen/memory.sql.go:133.16,135.3 1 0
nyx/internal/dbgen/memory.sql.go:136.2,138.18 3 0
nyx/internal/dbgen/memory.sql.go:138.18,148.17 2 0
nyx/internal/dbgen/memory.sql.go:148.17,150.4 1 0
nyx/internal/dbgen/memory.sql.go:151.3,151.27 1 0
nyx/internal/dbgen/memory.sql.go:153.2,153.37 1 0
nyx/internal/dbgen/memory.sql.go:153.37,155.3 1 0
nyx/internal/dbgen/memory.sql.go:156.2,156.35 1 0
nyx/internal/dbgen/memory.sql.go:156.35,158.3 1 0
nyx/internal/dbgen/memory.sql.go:159.2,159.19 1 0
nyx/internal/dbgen/tasks.sql.go:28.96,51.2 4 0
nyx/internal/dbgen/tasks.sql.go:68.87,89.2 4 0
nyx/internal/dbgen/tasks.sql.go:98.93,100.16 2 0
nyx/internal/dbgen/tasks.sql.go:100.16,102.3 1 0
nyx/internal/dbgen/tasks.sql.go:103.2,105.18 3 0
nyx/internal/dbgen/tasks.sql.go:105.18,117.17 2 0
nyx/internal/dbgen/tasks.sql.go:117.17,119.4 1 0
nyx/internal/dbgen/tasks.sql.go:120.3,120.27 1 0
nyx/internal/dbgen/tasks.sql.go:122.2,122.37 1 0
nyx/internal/dbgen/tasks.sql.go:122.37,124.3 1 0
nyx/internal/dbgen/tasks.sql.go:125.2,125.35 1 0
nyx/internal/dbgen/tasks.sql.go:125.35,127.3 1 0
nyx/internal/dbgen/tasks.sql.go:128.2,128.19 1 0
nyx/internal/dbgen/tasks.sql.go:138.87,140.16 2 0
nyx/internal/dbgen/tasks.sql.go:140.16,142.3 1 0
nyx/internal/dbgen/tasks.sql.go:143.2,145.18 3 0
nyx/internal/dbgen/tasks.sql.go:145.18,156.17 2 0
nyx/internal/dbgen/tasks.sql.go:156.17,158.4 1 0
nyx/internal/dbgen/tasks.sql.go:159.3,159.27 1 0
nyx/internal/dbgen/tasks.sql.go:161.2,161.37 1 0
nyx/internal/dbgen/tasks.sql.go:161.37,163.3 1 0
nyx/internal/dbgen/tasks.sql.go:164.2,164.35 1 0
nyx/internal/dbgen/tasks.sql.go:164.35,166.3 1 0
nyx/internal/dbgen/tasks.sql.go:167.2,167.19 1 0
nyx/internal/dbgen/tasks.sql.go:181.97,184.2 2 0
nyx/internal/dbgen/tasks.sql.go:197.91,200.2 2 0
nyx/internal/auth/authenticator.go:44.114,46.16 2 0
nyx/internal/auth/authenticator.go:46.16,48.3 1 0
nyx/internal/auth/authenticator.go:49.2,50.16 2 0
nyx/internal/auth/authenticator.go:50.16,52.3 1 0
nyx/internal/auth/authenticator.go:53.2,55.8 1 0
nyx/internal/auth/authenticator.go:58.93,60.16 2 1
nyx/internal/auth/authenticator.go:60.16,62.3 1 1
nyx/internal/auth/authenticator.go:64.2,65.48 2 1
nyx/internal/auth/authenticator.go:65.48,67.3 1 1
nyx/internal/auth/authenticator.go:69.2,79.22 4 1
nyx/internal/auth/authenticator.go:82.93,84.16 2 0
nyx/internal/auth/authenticator.go:84.16,86.3 1 0
nyx/internal/auth/authenticator.go:87.2,87.47 1 0
nyx/internal/auth/authenticator.go:90.51,92.2 1 0
nyx/internal/auth/authenticator.go:94.45,96.2 1 0
nyx/internal/auth/authenticator.go:98.56,100.15 2 1
nyx/internal/auth/authenticator.go:100.15,102.3 1 1
nyx/internal/auth/authenticator.go:103.2,104.16 2 1
nyx/internal/auth/authenticator.go:104.16,106.3 1 1
nyx/internal/auth/authenticator.go:107.2,107.47 1 1
nyx/internal/auth/authenticator.go:107.47,109.3 1 1
nyx/internal/auth/authenticator.go:110.2,113.48 4 1
nyx/internal/auth/authenticator.go:116.60,118.9 2 1
nyx/internal/auth/authenticator.go:118.9,120.3 1 1
nyx/internal/auth/authenticator.go:121.2,122.9 2 1
nyx/internal/auth/authenticator.go:122.9,124.3 1 0
nyx/internal/auth/authenticator.go:125.2,125.39 1 1
nyx/internal/auth/authenticator.go:128.82,130.9 2 1
nyx/internal/auth/authenticator.go:130.9,132.3 1 1
nyx/internal/auth/authenticator.go:133.2,134.9 2 1
nyx/internal/auth/authenticator.go:134.9,136.3 1 0
nyx/internal/auth/authenticator.go:137.2,137.37 1 1
nyx/internal/auth/authenticator.go:140.45,141.31 1 1
nyx/internal/auth/authenticator.go:141.31,142.37 1 1
nyx/internal/auth/authenticator.go:142.37,144.4 1 1
nyx/internal/auth/authenticator.go:146.2,146.11 1 0
nyx/internal/config/config.go:92.20,170.2 1 0
nyx/internal/config/config.go:172.41,173.42 1 0
nyx/internal/config/config.go:173.42,175.3 1 0
nyx/internal/config/config.go:176.2,176.17 1 0
nyx/internal/config/config.go:179.67,180.42 1 0
nyx/internal/config/config.go:180.42,181.59 1 0
nyx/internal/config/config.go:181.59,183.4 1 0
nyx/internal/config/config.go:185.2,185.17 1 0
nyx/internal/config/config.go:188.42,189.42 1 0
nyx/internal/config/config.go:189.42,190.53 1 0
nyx/internal/config/config.go:190.53,192.4 1 0
nyx/internal/config/config.go:194.2,194.17 1 0
nyx/internal/config/config.go:197.45,198.42 1 0
nyx/internal/config/config.go:198.42,199.58 1 0
nyx/internal/config/config.go:199.58,201.4 1 0
nyx/internal/config/config.go:203.2,203.17 1 0
nyx/internal/config/config.go:206.48,209.53 2 1
nyx/internal/config/config.go:210.13,211.44 1 1
nyx/internal/config/config.go:211.44,213.4 1 0
nyx/internal/config/config.go:214.45,215.45 1 1
nyx/internal/config/config.go:215.45,217.4 1 1
nyx/internal/config/config.go:220.2,220.119 1 1
nyx/internal/config/config.go:220.119,222.3 1 1
nyx/internal/config/config.go:223.2,223.127 1 1
nyx/internal/config/config.go:223.127,225.3 1 1
nyx/internal/config/config.go:226.2,226.125 1 1
nyx/internal/config/config.go:226.125,228.3 1 1
nyx/internal/config/config.go:229.2,229.131 1 1
nyx/internal/config/config.go:229.131,231.3 1 1
nyx/internal/config/config.go:232.2,232.126 1 1
nyx/internal/config/config.go:232.126,234.3 1 1
nyx/internal/config/config.go:235.2,235.119 1 1
nyx/internal/config/config.go:235.119,237.3 1 1
nyx/internal/config/config.go:238.2,238.95 1 1
nyx/internal/config/config.go:238.95,240.3 1 1
nyx/internal/config/config.go:241.2,241.130 1 1
nyx/internal/config/config.go:241.130,243.3 1 0
nyx/internal/config/config.go:244.2,244.183 1 1
nyx/internal/config/config.go:244.183,246.3 1 0
nyx/internal/config/config.go:247.2,247.188 1 1
nyx/internal/config/config.go:247.188,249.3 1 0
nyx/internal/config/config.go:250.2,250.163 1 1
nyx/internal/config/config.go:250.163,252.3 1 0
nyx/internal/config/config.go:253.2,253.101 1 1
nyx/internal/config/config.go:253.101,255.3 1 1
nyx/internal/config/config.go:256.2,256.137 1 1
nyx/internal/config/config.go:256.137,258.3 1 1
nyx/internal/config/config.go:259.2,259.27 1 1
nyx/internal/config/config.go:259.27,261.3 1 1
nyx/internal/config/config.go:262.2,262.36 1 1
nyx/internal/config/config.go:262.36,264.3 1 1
nyx/internal/config/config.go:265.2,265.33 1 1
nyx/internal/config/config.go:265.33,267.3 1 0
nyx/internal/config/config.go:268.2,268.35 1 1
nyx/internal/config/config.go:268.35,270.3 1 1
nyx/internal/config/config.go:271.2,271.32 1 1
nyx/internal/config/config.go:271.32,273.3 1 1
nyx/internal/config/config.go:274.2,274.57 1 1
nyx/internal/config/config.go:274.57,276.3 1 1
nyx/internal/config/config.go:277.2,277.26 1 1
nyx/internal/config/config.go:277.26,279.3 1 1
nyx/internal/config/config.go:280.2,280.33 1 1
nyx/internal/config/config.go:280.33,282.3 1 0
nyx/internal/config/config.go:283.2,283.31 1 1
nyx/internal/config/config.go:283.31,285.3 1 0
nyx/internal/config/config.go:286.2,286.72 1 1
nyx/internal/config/config.go:286.72,287.46 1 1
nyx/internal/config/config.go:287.46,289.4 1 1
nyx/internal/config/config.go:290.3,290.45 1 1
nyx/internal/config/config.go:290.45,292.4 1 0
nyx/internal/config/config.go:294.2,294.45 1 1
nyx/internal/config/config.go:294.45,295.45 1 0
nyx/internal/config/config.go:295.45,297.4 1 0
nyx/internal/config/config.go:298.3,298.88 1 0
nyx/internal/config/config.go:299.60,299.60 0 0
nyx/internal/config/config.go:300.11,301.106 1 0
nyx/internal/config/config.go:303.3,303.142 1 0
nyx/internal/config/config.go:303.142,305.4 1 0
nyx/internal/config/config.go:307.2,307.119 1 1
nyx/internal/config/config.go:307.119,309.3 1 0
nyx/internal/config/config.go:310.2,310.185 1 1
nyx/internal/config/config.go:310.185,312.3 1 0
nyx/internal/config/config.go:313.2,313.79 1 1
nyx/internal/config/config.go:313.79,314.52 1 0
nyx/internal/config/config.go:314.52,316.4 1 0
nyx/internal/config/config.go:317.3,317.50 1 0
nyx/internal/config/config.go:317.50,319.4 1 0
nyx/internal/config/config.go:321.2,321.45 1 1
nyx/internal/config/config.go:321.45,322.56 1 1
nyx/internal/config/config.go:322.56,324.4 1 0
nyx/internal/config/config.go:325.3,325.54 1 1
nyx/internal/config/config.go:325.54,327.4 1 1
nyx/internal/config/config.go:328.3,328.55 1 1
nyx/internal/config/config.go:328.55,330.4 1 0
nyx/internal/config/config.go:332.2,332.46 1 1
nyx/internal/config/config.go:332.46,333.52 1 1
nyx/internal/config/config.go:333.52,335.4 1 1
nyx/internal/config/config.go:337.2,337.46 1 1
nyx/internal/config/config.go:337.46,339.3 1 1
nyx/internal/config/config.go:340.2,340.44 1 1
nyx/internal/config/config.go:340.44,341.138 1 1
nyx/internal/config/config.go:341.138,343.4 1 0
nyx/internal/config/config.go:344.3,344.53 1 1
nyx/internal/config/config.go:344.53,346.4 1 0
nyx/internal/config/config.go:349.2,349.21 1 1
nyx/internal/config/config.go:349.21,363.5 1 0
nyx/internal/config/config.go:363.5,364.38 1 0
nyx/internal/config/config.go:364.38,366.5 1 0
nyx/internal/config/config.go:370.2,370.87 1 1
nyx/internal/config/config.go:370.87,372.3 1 0
nyx/internal/config/config.go:373.2,373.105 1 1
nyx/internal/config/config.go:373.105,375.3 1 0
nyx/internal/config/config.go:376.2,376.97 1 1
nyx/internal/config/config.go:376.97,378.3 1 0
nyx/internal/config/config.go:380.2,380.22 1 1
nyx/internal/config/config.go:380.22,382.3 1 1
nyx/internal/config/config.go:383.2,383.31 1 1
nyx/internal/config/config.go:386.49,387.14 1 1
nyx/internal/config/config.go:388.67,389.14 1 1
nyx/internal/config/config.go:390.10,391.15 1 1
nyx/internal/config/config.go:395.63,396.22 1 1
nyx/internal/config/config.go:396.22,398.3 1 0
nyx/internal/config/config.go:399.2,399.34 1 1
nyx/internal/config/config.go:399.34,401.3 1 1
nyx/internal/config/config.go:402.2,402.14 1 0
nyx/internal/config/config.go:405.60,407.2 1 1
nyx/internal/config/config.go:409.61,411.14 2 1
nyx/internal/config/config.go:412.16,413.14 1 0
nyx/internal/config/config.go:414.18,415.31 1 1
nyx/internal/config/config.go:415.31,417.4 1 1
nyx/internal/config/config.go:418.3,418.27 1 1
nyx/internal/config/config.go:418.27,421.4 1 1
nyx/internal/config/config.go:422.3,422.15 1 0
nyx/internal/config/config.go:423.10,424.15 1 0
nyx/internal/config/config.go:428.64,430.22 2 1
nyx/internal/config/config.go:430.22,432.3 1 0
nyx/internal/config/config.go:433.2,433.65 1 1
nyx/internal/config/config.go:436.36,439.2 2 1
nyx/internal/config/config.go:441.43,444.2 2 1
nyx/internal/config/config.go:446.51,448.16 2 1
nyx/internal/config/config.go:448.16,450.3 1 1
nyx/internal/config/config.go:451.2,451.54 1 1
nyx/internal/config/config.go:451.54,453.3 1 1
nyx/internal/config/config.go:454.2,454.34 1 0
nyx/internal/config/config.go:454.34,455.72 1 0
nyx/internal/config/config.go:455.72,457.4 1 0
nyx/internal/config/config.go:459.2,459.57 1 0
nyx/internal/agentruntime/commands.go:11.56,14.21 3 1
nyx/internal/agentruntime/commands.go:14.21,16.3 1 0
nyx/internal/agentruntime/commands.go:17.2,33.27 7 1
nyx/internal/agentruntime/commands.go:33.27,42.3 1 1
nyx/internal/agentruntime/commands.go:44.2,55.33 2 1
nyx/internal/agentruntime/commands.go:55.33,65.3 1 1
nyx/internal/agentruntime/commands.go:66.2,90.3 2 1
nyx/internal/agentruntime/commands.go:93.72,95.34 2 1
nyx/internal/agentruntime/commands.go:95.34,98.41 3 1
nyx/internal/agentruntime/commands.go:98.41,101.39 3 1
nyx/internal/agentruntime/commands.go:101.39,103.5 1 1
nyx/internal/agentruntime/commands.go:104.4,104.62 1 1
nyx/internal/agentruntime/commands.go:106.3,106.42 1 1
nyx/internal/agentruntime/commands.go:108.2,108.12 1 1
nyx/internal/agentruntime/commands.go:111.118,113.18 2 1
nyx/internal/agentruntime/commands.go:113.18,115.3 1 0
nyx/internal/agentruntime/commands.go:116.2,118.27 3 1
nyx/internal/agentruntime/commands.go:118.27,120.3 1 1
nyx/internal/agentruntime/commands.go:121.2,121.27 1 1
nyx/internal/agentruntime/commands.go:122.17,123.48 1 1
nyx/internal/agentruntime/commands.go:123.48,125.4 1 0
nyx/internal/agentruntime/commands.go:126.26,128.48 2 1
nyx/internal/agentruntime/commands.go:128.48,130.4 1 0
nyx/internal/agentruntime/commands.go:131.22,133.48 2 0
nyx/internal/agentruntime/commands.go:133.48,135.4 1 0
nyx/internal/agentruntime/commands.go:136.23,138.48 2 1
nyx/internal/agentruntime/commands.go:138.48,140.4 1 0
nyx/internal/agentruntime/commands.go:141.28,143.48 2 1
nyx/internal/agentruntime/commands.go:143.48,145.4 1 0
nyx/internal/agentruntime/commands.go:146.20,148.28 2 0
nyx/internal/agentruntime/commands.go:148.28,150.4 1 0
nyx/internal/agentruntime/commands.go:151.21,152.76 1 1
nyx/internal/agentruntime/commands.go:153.21,154.69 1 1
nyx/internal/agentruntime/commands.go:155.25,156.72 1 1
nyx/internal/agentruntime/commands.go:157.23,159.31 2 1
nyx/internal/agentruntime/commands.go:159.31,161.4 1 0
nyx/internal/agentruntime/commands.go:162.35,164.29 2 1
nyx/internal/agentruntime/commands.go:164.29,166.4 1 0
nyx/internal/agentruntime/commands.go:167.3,167.45 1 1
nyx/internal/agentruntime/commands.go:167.45,169.4 1 0
nyx/internal/agentruntime/commands.go:170.3,170.48 1 1
nyx/internal/agentruntime/commands.go:170.48,171.91 1 0
nyx/internal/agentruntime/commands.go:171.91,173.39 2 0
nyx/internal/agentruntime/commands.go:173.39,175.6 1 0
nyx/internal/agentruntime/commands.go:178.14,179.81 1 1
nyx/internal/agentruntime/commands.go:179.81,181.4 1 1
nyx/internal/agentruntime/commands.go:182.20,183.71 1 1
nyx/internal/agentruntime/commands.go:185.2,186.13 2 1
nyx/internal/agentruntime/commands.go:189.112,190.37 1 1
nyx/internal/agentruntime/commands.go:190.37,192.3 1 1
nyx/internal/agentruntime/commands.go:193.2,193.38 1 1
nyx/internal/agentruntime/commands.go:193.38,195.3 1 1
nyx/internal/agentruntime/commands.go:196.2,196.37 1 1
nyx/internal/agentruntime/commands.go:196.37,198.3 1 1
nyx/internal/agentruntime/commands.go:201.77,203.25 2 1
nyx/internal/agentruntime/commands.go:203.25,204.42 1 1
nyx/internal/agentruntime/commands.go:204.42,206.4 1 1
nyx/internal/agentruntime/commands.go:207.3,207.40 1 1
nyx/internal/agentruntime/commands.go:207.40,209.4 1 1
nyx/internal/agentruntime/commands.go:209.9,209.43 1 1
nyx/internal/agentruntime/commands.go:209.43,211.4 1 0
nyx/internal/agentruntime/commands.go:211.9,211.38 1 1
nyx/internal/agentruntime/commands.go:211.38,213.4 1 1
nyx/internal/agentruntime/commands.go:214.3,214.37 1 1
nyx/internal/agentruntime/commands.go:214.37,216.4 1 1
nyx/internal/agentruntime/commands.go:218.2,218.34 1 1
nyx/internal/agentruntime/commands.go:218.34,220.3 1 1
nyx/internal/agentruntime/commands.go:220.8,220.40 1 1
nyx/internal/agentruntime/commands.go:220.40,222.3 1 0
nyx/internal/agentruntime/commands.go:223.2,223.34 1 1
nyx/internal/agentruntime/commands.go:223.34,225.3 1 1
nyx/internal/agentruntime/commands.go:226.2,226.36 1 1
nyx/internal/agentruntime/commands.go:226.36,228.3 1 1
nyx/internal/agentruntime/commands.go:229.2,229.21 1 1
nyx/internal/agentruntime/commands.go:229.21,231.3 1 0
nyx/internal/agentruntime/commands.go:232.2,232.14 1 1
nyx/internal/agentruntime/commands.go:235.84,236.39 1 1
nyx/internal/agentruntime/commands.go:236.39,238.3 1 1
nyx/internal/agentruntime/commands.go:239.2,247.36 2 1
nyx/internal/agentruntime/commands.go:247.36,255.3 1 1
nyx/internal/agentruntime/commands.go:256.2,256.14 1 1
nyx/internal/agentruntime/commands.go:259.87,261.24 2 1
nyx/internal/agentruntime/commands.go:261.24,263.3 1 1
nyx/internal/agentruntime/commands.go:264.2,273.65 3 1
nyx/internal/agentruntime/commands.go:276.87,278.24 2 1
nyx/internal/agentruntime/commands.go:278.24,280.3 1 1
nyx/internal/agentruntime/commands.go:281.2,282.42 2 1
nyx/internal/agentruntime/commands.go:282.42,294.3 1 1
nyx/internal/agentruntime/commands.go:295.2,295.38 1 1
nyx/internal/agentruntime/commands.go:295.38,307.3 1 1
nyx/internal/agentruntime/commands.go:308.2,308.47 1 1
nyx/internal/agentruntime/commands.go:308.47,320.3 1 0
nyx/internal/agentruntime/commands.go:321.2,321.14 1 1
nyx/internal/agentruntime/commands.go:324.78,332.33 3 1
nyx/internal/agentruntime/commands.go:332.33,334.3 1 1
nyx/internal/agentruntime/commands.go:334.8,336.3 1 1
nyx/internal/agentruntime/commands.go:337.2,337.61 1 1
nyx/internal/agentruntime/commands.go:340.54,341.36 1 1
nyx/internal/agentruntime/commands.go:341.36,343.3 1 1
nyx/internal/agentruntime/commands.go:344.2,344.31 1 1
nyx/internal/agentruntime/commands.go:344.31,346.3 1 0
nyx/internal/agentruntime/commands.go:347.2,347.11 1 1
nyx/internal/agentruntime/commands.go:350.49,351.29 1 1
nyx/internal/agentruntime/commands.go:351.29,352.23 1 1
nyx/internal/agentruntime/commands.go:352.23,354.4 1 1
nyx/internal/agentruntime/commands.go:356.2,356.14 1 1
nyx/internal/agentruntime/commands.go:359.110,360.25 1 0
nyx/internal/agentruntime/commands.go:360.25,361.48 1 0
nyx/internal/agentruntime/commands.go:361.48,363.4 1 0
nyx/internal/agentruntime/commands.go:364.3,364.43 1 0
nyx/internal/agentruntime/commands.go:364.43,366.4 1 0
nyx/internal/agentruntime/commands.go:367.3,367.39 1 0
nyx/internal/agentruntime/commands.go:367.39,369.4 1 0
nyx/internal/agentruntime/commands.go:370.3,370.38 1 0
nyx/internal/agentruntime/commands.go:372.2,373.16 2 0
nyx/internal/agentruntime/commands.go:373.16,375.3 1 0
nyx/internal/agentruntime/commands.go:376.2,376.16 1 0
nyx/internal/agentruntime/commands.go:376.16,378.3 1 0
nyx/internal/agentruntime/commands.go:379.2,379.86 1 0
nyx/internal/agentruntime/commands.go:382.60,384.2 1 1
nyx/internal/agentruntime/commands.go:386.56,388.2 1 1
nyx/internal/agentruntime/commands.go:390.59,392.2 1 1
nyx/internal/agentruntime/commands.go:394.49,395.25 1 1
nyx/internal/agentruntime/commands.go:395.25,397.3 1 1
nyx/internal/agentruntime/commands.go:398.2,399.16 2 0
nyx/internal/agentruntime/commands.go:399.16,401.3 1 0
nyx/internal/agentruntime/commands.go:402.2,402.86 1 0
nyx/internal/agentruntime/commands.go:405.45,407.2 1 1
nyx/internal/agentruntime/commands.go:409.47,411.2 1 1
nyx/internal/agentruntime/commands.go:413.47,415.2 1 0
nyx/internal/agentruntime/commands.go:417.55,419.2 1 1
nyx/internal/agentruntime/commands.go:421.51,423.2 1 1
nyx/internal/agentruntime/commands.go:425.60,427.2 1 1
nyx/internal/agentruntime/commands.go:429.59,431.39 2 1
nyx/internal/agentruntime/commands.go:431.39,432.41 1 1
nyx/internal/agentruntime/commands.go:432.41,434.4 1 1
nyx/internal/agentruntime/commands.go:436.2,436.14 1 1
nyx/internal/agentruntime/commands.go:439.38,442.2 2 1
nyx/internal/agentruntime/commands.go:444.39,446.43 2 0
nyx/internal/agentruntime/commands.go:446.43,448.3 1 0
nyx/internal/agentruntime/commands.go:449.2,449.34 1 0
nyx/internal/agentruntime/commands.go:452.38,454.19 2 1
nyx/internal/agentruntime/commands.go:454.19,456.3 1 0
nyx/internal/agentruntime/commands.go:457.2,457.62 1 1
nyx/internal/agentruntime/commands.go:460.39,462.34 2 1
nyx/internal/agentruntime/commands.go:462.34,464.29 2 1
nyx/internal/agentruntime/commands.go:464.29,466.4 1 1
nyx/internal/agentruntime/commands.go:467.3,467.41 1 1
nyx/internal/agentruntime/commands.go:467.41,469.33 2 1
nyx/internal/agentruntime/commands.go:469.33,471.5 1 1
nyx/internal/agentruntime/commands.go:472.4,473.39 2 1
nyx/internal/agentruntime/commands.go:473.39,475.40 2 1
nyx/internal/agentruntime/commands.go:475.40,477.6 1 1
nyx/internal/agentruntime/commands.go:481.2,481.38 1 1
nyx/internal/agentruntime/planner.go:30.42,31.32 1 1
nyx/internal/agentruntime/planner.go:31.32,33.3 1 1
nyx/internal/agentruntime/planner.go:36.54,37.32 1 1
nyx/internal/agentruntime/planner.go:37.32,39.3 1 1
nyx/internal/agentruntime/planner.go:42.45,43.32 1 0
nyx/internal/agentruntime/planner.go:43.32,44.20 1 0
nyx/internal/agentruntime/planner.go:44.20,46.4 1 0
nyx/internal/agentruntime/planner.go:50.89,52.27 2 1
nyx/internal/agentruntime/planner.go:52.27,54.3 1 1
nyx/internal/agentruntime/planner.go:56.2,57.34 2 1
nyx/internal/agentruntime/planner.go:57.34,58.41 1 1
nyx/internal/agentruntime/planner.go:58.41,59.12 1 0
nyx/internal/agentruntime/planner.go:61.3,67.41 2 1
nyx/internal/agentruntime/planner.go:67.41,68.45 1 1
nyx/internal/agentruntime/planner.go:68.45,69.13 1 0
nyx/internal/agentruntime/planner.go:71.4,80.30 2 1
nyx/internal/agentruntime/planner.go:80.30,82.5 1 0
nyx/internal/agentruntime/planner.go:83.4,83.36 1 1
nyx/internal/agentruntime/planner.go:83.36,85.5 1 0
nyx/internal/agentruntime/planner.go:86.4,86.39 1 1
nyx/internal/agentruntime/planner.go:86.39,87.58 1 1
nyx/internal/agentruntime/planner.go:87.58,88.14 1 0
nyx/internal/agentruntime/planner.go:90.5,93.7 1 1
nyx/internal/agentruntime/planner.go:95.4,95.35 1 1
nyx/internal/agentruntime/planner.go:95.35,96.13 1 0
nyx/internal/agentruntime/planner.go:98.4,99.35 2 1
nyx/internal/agentruntime/planner.go:99.35,100.10 1 0
nyx/internal/agentruntime/planner.go:103.3,103.34 1 1
nyx/internal/agentruntime/planner.go:103.34,104.12 1 0
nyx/internal/agentruntime/planner.go:106.3,107.32 2 1
nyx/internal/agentruntime/planner.go:107.32,108.9 1 0
nyx/internal/agentruntime/planner.go:112.2,112.31 1 1
nyx/internal/agentruntime/planner.go:112.31,114.3 1 0
nyx/internal/agentruntime/planner.go:115.2,115.18 1 1
nyx/internal/agentruntime/planner.go:118.92,119.21 1 1
nyx/internal/agentruntime/planner.go:119.21,121.3 1 0
nyx/internal/agentruntime/planner.go:122.2,124.32 3 1
nyx/internal/agentruntime/planner.go:124.32,125.35 1 1
nyx/internal/agentruntime/planner.go:125.35,126.12 1 0
nyx/internal/agentruntime/planner.go:128.3,129.33 2 1
nyx/internal/agentruntime/planner.go:129.33,131.4 1 0
nyx/internal/agentruntime/planner.go:132.3,134.26 3 1
nyx/internal/agentruntime/planner.go:134.26,135.9 1 0
nyx/internal/agentruntime/planner.go:138.2,138.12 1 1
nyx/internal/agentruntime/planner.go:141.40,142.50 1 1
nyx/internal/agentruntime/planner.go:143.55,144.50 1 1
nyx/internal/agentruntime/planner.go:145.10,146.12 1 0
nyx/internal/agentruntime/planner.go:150.47,151.22 1 1
nyx/internal/agentruntime/planner.go:151.22,153.3 1 0
nyx/internal/agentruntime/planner.go:154.2,154.22 1 1
nyx/internal/agentruntime/planner.go:154.22,156.3 1 0
nyx/internal/agentruntime/planner.go:157.2,157.14 1 1
nyx/internal/agentruntime/planner.go:160.146,163.32 3 1
nyx/internal/agentruntime/planner.go:163.32,164.25 1 0
nyx/internal/agentruntime/planner.go:164.25,165.12 1 0
nyx/internal/agentruntime/planner.go:167.3,168.22 2 0
nyx/internal/agentruntime/planner.go:168.22,169.9 1 0
nyx/internal/agentruntime/planner.go:172.2,172.35 1 1
nyx/internal/agentruntime/planner.go:175.56,176.45 1 1
nyx/internal/agentruntime/planner.go:176.45,178.3 1 0
nyx/internal/agentruntime/planner.go:179.2,179.90 1 1
nyx/internal/agentruntime/policy.go:44.51,45.32 1 1
nyx/internal/agentruntime/policy.go:45.32,47.3 1 1
nyx/internal/agentruntime/policy.go:50.113,52.27 2 1
nyx/internal/agentruntime/policy.go:52.27,54.3 1 1
nyx/internal/agentruntime/policy.go:55.2,56.33 2 1
nyx/internal/agentruntime/policy.go:56.33,58.3 1 0
nyx/internal/agentruntime/policy.go:59.2,62.3 1 1
nyx/internal/agentruntime/prompts.go:31.62,32.43 1 1
nyx/internal/agentruntime/prompts.go:32.43,34.3 1 0
nyx/internal/agentruntime/prompts.go:35.2,86.3 1 1
nyx/internal/agentruntime/prompts.go:89.61,91.37 2 1
nyx/internal/agentruntime/prompts.go:91.37,93.3 1 1
nyx/internal/agentruntime/prompts.go:94.2,94.19 1 0
nyx/internal/agentruntime/prompts.go:97.70,108.29 10 1
nyx/internal/agentruntime/prompts.go:108.29,110.3 1 1
nyx/internal/agentruntime/prompts.go:111.2,111.24 1 1
nyx/internal/agentruntime/prompts.go:111.24,113.34 2 1
nyx/internal/agentruntime/prompts.go:113.34,117.4 3 1
nyx/internal/agentruntime/prompts.go:119.2,119.77 1 1
nyx/internal/agentruntime/prompts.go:119.77,122.3 2 1
nyx/internal/agentruntime/prompts.go:123.2,123.60 1 1
nyx/internal/agentruntime/prompts.go:123.60,124.81 1 1
nyx/internal/agentruntime/prompts.go:124.81,127.4 2 1
nyx/internal/agentruntime/prompts.go:129.2,129.38 1 1
nyx/internal/agentruntime/prompts.go:132.62,133.20 1 1
nyx/internal/agentruntime/prompts.go:133.20,135.3 1 0
nyx/internal/agentruntime/prompts.go:136.2,145.27 5 1
nyx/internal/agentruntime/prompts.go:145.27,147.21 2 1
nyx/internal/agentruntime/prompts.go:147.21,149.4 1 1
nyx/internal/agentruntime/prompts.go:150.3,150.21 1 1
nyx/internal/agentruntime/prompts.go:150.21,152.4 1 1
nyx/internal/agentruntime/prompts.go:153.3,154.60 2 1
nyx/internal/agentruntime/prompts.go:154.60,157.4 2 0
nyx/internal/agentruntime/prompts.go:159.2,161.31 3 1
nyx/internal/agentruntime/prompts.go:161.31,164.3 2 1
nyx/internal/agentruntime/prompts.go:165.2,167.33 3 1
nyx/internal/agentruntime/prompts.go:167.33,168.34 1 1
nyx/internal/agentruntime/prompts.go:168.34,169.12 1 0
nyx/internal/agentruntime/prompts.go:171.3,173.22 3 1
nyx/internal/agentruntime/prompts.go:173.22,174.12 1 1
nyx/internal/agentruntime/prompts.go:176.3,177.77 2 1
nyx/internal/agentruntime/prompts.go:179.2,179.19 1 1
nyx/internal/agentruntime/prompts.go:182.63,184.27 2 1
nyx/internal/agentruntime/prompts.go:184.27,185.62 1 1
nyx/internal/agentruntime/prompts.go:185.62,187.9 2 1
nyx/internal/agentruntime/prompts.go:190.2,191.20 2 1
nyx/internal/agentruntime/prompts.go:191.20,194.3 2 1
nyx/internal/agentruntime/prompts.go:194.8,196.3 1 1
nyx/internal/agentruntime/prompts.go:197.2,202.19 6 1
nyx/internal/agentruntime/runtime.go:67.133,68.20 1 1
nyx/internal/agentruntime/runtime.go:68.20,69.75 1 1
nyx/internal/agentruntime/runtime.go:69.76,69.77 0 1
nyx/internal/agentruntime/runtime.go:71.2,79.27 2 1
nyx/internal/agentruntime/runtime.go:79.27,81.3 1 1
nyx/internal/agentruntime/runtime.go:82.2,82.16 1 1
nyx/internal/agentruntime/runtime.go:85.72,92.16 3 1
nyx/internal/agentruntime/runtime.go:92.16,93.87 1 0
nyx/internal/agentruntime/runtime.go:93.87,95.4 1 0
nyx/internal/agentruntime/runtime.go:96.3,100.13 2 0
nyx/internal/agentruntime/runtime.go:103.2,107.34 2 1
nyx/internal/agentruntime/runtime.go:107.34,108.52 1 1
nyx/internal/agentruntime/runtime.go:108.52,109.88 1 0
nyx/internal/agentruntime/runtime.go:109.88,111.5 1 0
nyx/internal/agentruntime/runtime.go:112.4,117.14 2 0
nyx/internal/agentruntime/runtime.go:121.2,121.197 1 1
nyx/internal/agentruntime/runtime.go:121.197,123.3 1 0
nyx/internal/agentruntime/runtime.go:124.2,125.16 2 1
nyx/internal/agentruntime/runtime.go:125.16,127.3 1 0
nyx/internal/agentruntime/runtime.go:128.2,132.12 2 1
nyx/internal/agentruntime/runtime.go:135.85,138.16 3 1
nyx/internal/agentruntime/runtime.go:138.16,140.3 1 0
nyx/internal/agentruntime/runtime.go:141.2,141.86 1 1
nyx/internal/agentruntime/runtime.go:141.86,143.3 1 0
nyx/internal/agentruntime/runtime.go:144.2,150.16 3 1
nyx/internal/agentruntime/runtime.go:150.16,151.82 1 0
nyx/internal/agentruntime/runtime.go:151.82,153.4 1 0
nyx/internal/agentruntime/runtime.go:154.3,154.25 1 0
nyx/internal/agentruntime/runtime.go:156.2,156.84 1 1
nyx/internal/agentruntime/runtime.go:156.84,158.3 1 0
nyx/internal/agentruntime/runtime.go:160.2,161.16 2 1
nyx/internal/agentruntime/runtime.go:161.16,162.80 1 0
nyx/internal/agentruntime/runtime.go:162.80,164.4 1 0
nyx/internal/agentruntime/runtime.go:165.3,165.82 1 0
nyx/internal/agentruntime/runtime.go:165.82,167.4 1 0
nyx/internal/agentruntime/runtime.go:168.3,168.25 1 0
nyx/internal/agentruntime/runtime.go:170.2,170.90 1 1
nyx/internal/agentruntime/runtime.go:170.90,172.3 1 0
nyx/internal/agentruntime/runtime.go:174.2,177.16 2 1
nyx/internal/agentruntime/runtime.go:177.16,179.3 1 0
nyx/internal/agentruntime/runtime.go:180.2,185.16 2 1
nyx/internal/agentruntime/runtime.go:185.16,187.3 1 0
nyx/internal/agentruntime/runtime.go:189.2,193.22 5 1
nyx/internal/agentruntime/runtime.go:193.22,199.17 2 1
nyx/internal/agentruntime/runtime.go:199.17,203.27 1 0
nyx/internal/agentruntime/runtime.go:203.27,205.5 1 0
nyx/internal/agentruntime/runtime.go:206.4,211.27 1 0
nyx/internal/agentruntime/runtime.go:211.27,213.5 1 0
nyx/internal/agentruntime/runtime.go:214.4,214.103 1 0
nyx/internal/agentruntime/runtime.go:214.103,216.5 1 0
nyx/internal/agentruntime/runtime.go:217.4,217.97 1 0
nyx/internal/agentruntime/runtime.go:217.97,219.5 1 0
nyx/internal/agentruntime/runtime.go:220.4,220.99 1 0
nyx/internal/agentruntime/runtime.go:220.99,222.5 1 0
nyx/internal/agentruntime/runtime.go:223.4,223.75 1 0
nyx/internal/agentruntime/runtime.go:225.3,226.46 2 1
nyx/internal/agentruntime/runtime.go:226.46,228.4 1 0
nyx/internal/agentruntime/runtime.go:229.3,233.18 2 1
nyx/internal/agentruntime/runtime.go:233.18,235.4 1 0
nyx/internal/agentruntime/runtime.go:236.3,236.57 1 1
nyx/internal/agentruntime/runtime.go:236.57,241.19 1 0
nyx/internal/agentruntime/runtime.go:241.19,243.5 1 0
nyx/internal/agentruntime/runtime.go:245.3,249.5 1 1
nyx/internal/agentruntime/runtime.go:251.2,254.17 1 1
nyx/internal/agentruntime/runtime.go:254.17,256.3 1 0
nyx/internal/agentruntime/runtime.go:257.2,263.17 1 1
nyx/internal/agentruntime/runtime.go:263.17,265.3 1 0
nyx/internal/agentruntime/runtime.go:267.2,267.88 1 1
nyx/internal/agentruntime/runtime.go:267.88,269.3 1 0
nyx/internal/agentruntime/runtime.go:270.2,270.82 1 1
nyx/internal/agentruntime/runtime.go:270.82,272.3 1 0
nyx/internal/agentruntime/runtime.go:273.2,273.84 1 1
nyx/internal/agentruntime/runtime.go:273.84,275.3 1 0
nyx/internal/agentruntime/runtime.go:276.2,282.18 2 1
nyx/internal/agentruntime/runtime.go:285.87,288.16 3 1
nyx/internal/agentruntime/runtime.go:288.16,290.3 1 0
nyx/internal/agentruntime/runtime.go:291.2,291.86 1 1
nyx/internal/agentruntime/runtime.go:291.86,293.3 1 0
nyx/internal/agentruntime/runtime.go:294.2,301.16 3 1
nyx/internal/agentruntime/runtime.go:301.16,302.82 1 0
nyx/internal/agentruntime/runtime.go:302.82,304.4 1 0
nyx/internal/agentruntime/runtime.go:305.3,305.13 1 0
nyx/internal/agentruntime/runtime.go:307.2,307.84 1 1
nyx/internal/agentruntime/runtime.go:307.84,309.3 1 0
nyx/internal/agentruntime/runtime.go:310.2,318.44 2 1
nyx/internal/agentruntime/runtime.go:318.44,319.77 1 1
nyx/internal/agentruntime/runtime.go:319.77,320.81 1 0
nyx/internal/agentruntime/runtime.go:320.81,322.5 1 0
nyx/internal/agentruntime/runtime.go:323.4,323.83 1 0
nyx/internal/agentruntime/runtime.go:323.83,325.5 1 0
nyx/internal/agentruntime/runtime.go:326.4,326.14 1 0
nyx/internal/agentruntime/runtime.go:330.2,330.82 1 1
nyx/internal/agentruntime/runtime.go:330.82,332.3 1 0
nyx/internal/agentruntime/runtime.go:333.2,333.84 1 1
nyx/internal/agentruntime/runtime.go:333.84,335.3 1 0
nyx/internal/agentruntime/runtime.go:336.2,341.12 2 1
nyx/internal/agentruntime/runtime.go:344.123,346.16 2 1
nyx/internal/agentruntime/runtime.go:346.16,348.3 1 0
nyx/internal/agentruntime/runtime.go:349.2,350.21 2 1
nyx/internal/agentruntime/runtime.go:350.21,352.3 1 0
nyx/internal/agentruntime/runtime.go:354.2,355.16 2 1
nyx/internal/agentruntime/runtime.go:355.16,357.3 1 0
nyx/internal/agentruntime/runtime.go:358.2,358.90 1 1
nyx/internal/agentruntime/runtime.go:358.90,360.3 1 0
nyx/internal/agentruntime/runtime.go:361.2,368.54 2 1
nyx/internal/agentruntime/runtime.go:368.54,378.28 5 1
nyx/internal/agentruntime/runtime.go:378.28,382.4 3 1
nyx/internal/agentruntime/runtime.go:382.9,383.36 1 1
nyx/internal/agentruntime/runtime.go:383.36,385.26 2 1
nyx/internal/agentruntime/runtime.go:385.26,389.11 4 1
nyx/internal/agentruntime/runtime.go:393.3,393.14 1 1
nyx/internal/agentruntime/runtime.go:393.14,394.90 1 1
nyx/internal/agentruntime/runtime.go:394.90,396.5 1 0
nyx/internal/agentruntime/runtime.go:397.4,402.14 2 1
nyx/internal/agentruntime/runtime.go:405.3,405.104 1 1
nyx/internal/agentruntime/runtime.go:405.104,406.87 1 0
nyx/internal/agentruntime/runtime.go:406.87,408.5 1 0
nyx/internal/agentruntime/runtime.go:409.4,416.63 2 0
nyx/internal/agentruntime/runtime.go:419.3,419.28 1 1
nyx/internal/agentruntime/runtime.go:419.28,421.31 2 1
nyx/internal/agentruntime/runtime.go:421.31,423.5 1 1
nyx/internal/agentruntime/runtime.go:424.4,432.12 2 1
nyx/internal/agentruntime/runtime.go:435.3,435.86 1 1
nyx/internal/agentruntime/runtime.go:435.86,437.4 1 0
nyx/internal/agentruntime/runtime.go:438.3,438.191 1 1
nyx/internal/agentruntime/runtime.go:438.191,440.4 1 0
nyx/internal/agentruntime/runtime.go:441.3,448.84 2 1
nyx/internal/agentruntime/runtime.go:448.84,450.4 1 0
nyx/internal/agentruntime/runtime.go:453.3,453.13 1 1
nyx/internal/agentruntime/runtime.go:456.2,456.12 1 0
nyx/internal/agentruntime/runtime.go:459.202,464.44 5 1
nyx/internal/agentruntime/runtime.go:464.44,466.17 2 1
nyx/internal/agentruntime/runtime.go:466.17,476.4 1 0
nyx/internal/agentruntime/runtime.go:477.3,477.24 1 1
nyx/internal/agentruntime/runtime.go:477.24,479.4 1 0
nyx/internal/agentruntime/runtime.go:480.3,480.23 1 1
nyx/internal/agentruntime/runtime.go:480.23,482.4 1 1
nyx/internal/agentruntime/runtime.go:483.3,483.28 1 1
nyx/internal/agentruntime/runtime.go:483.28,485.4 1 1
nyx/internal/agentruntime/runtime.go:486.3,486.34 1 1
nyx/internal/agentruntime/runtime.go:486.34,488.4 1 0
nyx/internal/agentruntime/runtime.go:489.3,497.51 2 1
nyx/internal/agentruntime/runtime.go:497.51,515.4 3 1
nyx/internal/agentruntime/runtime.go:516.3,525.24 5 1
nyx/internal/agentruntime/runtime.go:525.24,527.4 1 0
nyx/internal/agentruntime/runtime.go:528.3,528.34 1 1
nyx/internal/agentruntime/runtime.go:528.34,530.4 1 1
nyx/internal/agentruntime/runtime.go:531.3,531.33 1 1
nyx/internal/agentruntime/runtime.go:531.33,534.4 2 0
nyx/internal/agentruntime/runtime.go:537.2,538.30 2 0
nyx/internal/agentruntime/runtime.go:538.30,540.3 1 0
nyx/internal/agentruntime/runtime.go:541.2,542.45 2 0
nyx/internal/agentruntime/runtime.go:545.203,547.27 2 1
nyx/internal/agentruntime/runtime.go:547.27,549.3 1 0
nyx/internal/agentruntime/runtime.go:550.2,562.16 3 1
nyx/internal/agentruntime/runtime.go:562.16,564.3 1 0
nyx/internal/agentruntime/runtime.go:565.2,565.74 1 1
nyx/internal/agentruntime/runtime.go:568.64,569.26 1 1
nyx/internal/agentruntime/runtime.go:569.26,571.3 1 0
nyx/internal/agentruntime/runtime.go:572.2,573.15 2 1
nyx/internal/agentruntime/runtime.go:573.15,575.3 1 0
nyx/internal/agentruntime/runtime.go:576.2,576.30 1 1
nyx/internal/agentruntime/runtime.go:576.30,578.3 1 1
nyx/internal/agentruntime/runtime.go:579.2,582.3 1 1
nyx/internal/agentruntime/runtime.go:585.45,587.16 2 1
nyx/internal/agentruntime/runtime.go:587.16,589.3 1 0
nyx/internal/agentruntime/runtime.go:590.2,590.16 1 1
nyx/internal/agentruntime/runtime.go:590.16,592.3 1 0
nyx/internal/agentruntime/runtime.go:593.2,593.15 1 1
nyx/internal/agentruntime/runtime.go:596.54,597.23 1 1
nyx/internal/agentruntime/runtime.go:597.23,599.3 1 1
nyx/internal/agentruntime/runtime.go:600.2,600.34 1 0
nyx/internal/agentruntime/runtime.go:600.34,602.3 1 0
nyx/internal/agentruntime/runtime.go:603.2,603.35 1 0
nyx/internal/agentruntime/runtime.go:606.36,607.16 1 1
nyx/internal/agentruntime/runtime.go:607.16,609.3 1 1
nyx/internal/agentruntime/runtime.go:610.2,610.20 1 0
nyx/internal/agentruntime/runtime.go:613.24,614.11 1 1
nyx/internal/agentruntime/runtime.go:614.11,616.3 1 0
nyx/internal/agentruntime/runtime.go:617.2,617.10 1 1
nyx/internal/agentruntime/runtime.go:620.141,622.16 2 1
nyx/internal/agentruntime/runtime.go:622.16,624.3 1 1
nyx/internal/agentruntime/runtime.go:625.2,627.16 3 1
nyx/internal/agentruntime/runtime.go:627.16,629.3 1 0
nyx/internal/agentruntime/runtime.go:630.2,630.86 1 1
nyx/internal/agentruntime/runtime.go:630.86,632.3 1 0
nyx/internal/agentruntime/runtime.go:634.2,635.16 2 1
nyx/internal/agentruntime/runtime.go:635.16,636.82 1 0
nyx/internal/agentruntime/runtime.go:636.82,638.4 1 0
nyx/internal/agentruntime/runtime.go:639.3,639.13 1 0
nyx/internal/agentruntime/runtime.go:641.2,641.84 1 1
nyx/internal/agentruntime/runtime.go:641.84,643.3 1 0
nyx/internal/agentruntime/runtime.go:645.2,646.16 2 1
nyx/internal/agentruntime/runtime.go:646.16,647.80 1 0
nyx/internal/agentruntime/runtime.go:647.80,649.4 1 0
nyx/internal/agentruntime/runtime.go:650.3,650.82 1 0
nyx/internal/agentruntime/runtime.go:650.82,652.4 1 0
nyx/internal/agentruntime/runtime.go:653.3,653.13 1 0
nyx/internal/agentruntime/runtime.go:655.2,655.90 1 1
nyx/internal/agentruntime/runtime.go:655.90,657.3 1 0
nyx/internal/agentruntime/runtime.go:659.2,668.38 3 1
nyx/internal/agentruntime/runtime.go:668.38,670.3 1 1
nyx/internal/agentruntime/runtime.go:671.2,680.23 2 1
nyx/internal/agentruntime/runtime.go:680.23,681.86 1 0
nyx/internal/agentruntime/runtime.go:681.86,683.4 1 0
nyx/internal/agentruntime/runtime.go:684.3,684.80 1 0
nyx/internal/agentruntime/runtime.go:684.80,686.4 1 0
nyx/internal/agentruntime/runtime.go:687.3,687.82 1 0
nyx/internal/agentruntime/runtime.go:687.82,689.4 1 0
nyx/internal/agentruntime/runtime.go:690.3,690.20 1 0
nyx/internal/agentruntime/runtime.go:693.2,693.88 1 1
nyx/internal/agentruntime/runtime.go:693.88,695.3 1 0
nyx/internal/agentruntime/runtime.go:696.2,696.82 1 1
nyx/internal/agentruntime/runtime.go:696.82,698.3 1 0
nyx/internal/agentruntime/runtime.go:699.2,699.84 1 1
nyx/internal/agentruntime/runtime.go:699.84,701.3 1 0
nyx/internal/agentruntime/runtime.go:702.2,707.12 2 1
nyx/internal/agentruntime/runtime.go:710.165,712.81 2 1
nyx/internal/agentruntime/runtime.go:712.81,713.39 1 1
nyx/internal/agentruntime/runtime.go:713.39,715.4 1 1
nyx/internal/agentruntime/runtime.go:718.2,725.22 2 1
nyx/internal/agentruntime/runtime.go:725.22,732.3 1 0
nyx/internal/agentruntime/runtime.go:733.2,740.4 1 1
nyx/internal/agentruntime/runtime.go:743.125,755.2 2 1
nyx/internal/agentruntime/runtime.go:757.87,758.63 1 1
nyx/internal/agentruntime/runtime.go:758.63,760.3 1 1
nyx/internal/agentruntime/runtime.go:761.2,763.52 3 1
nyx/internal/agentruntime/runtime.go:763.52,764.102 1 1
nyx/internal/agentruntime/runtime.go:764.102,765.9 1 0
nyx/internal/agentruntime/runtime.go:767.3,767.16 1 1
nyx/internal/agentruntime/runtime.go:769.2,769.25 1 1
nyx/internal/agentruntime/runtime.go:772.77,774.25 2 1
nyx/internal/agentruntime/runtime.go:774.25,775.45 1 1
nyx/internal/agentruntime/runtime.go:775.45,776.12 1 1
nyx/internal/agentruntime/runtime.go:778.3,778.27 1 1
nyx/internal/agentruntime/runtime.go:780.2,783.27 4 1
nyx/internal/agentruntime/runtime.go:783.27,788.3 4 1
nyx/internal/agentruntime/runtime.go:789.2,789.19 1 1
nyx/internal/agentruntime/runtime.go:792.58,794.27 2 1
nyx/internal/agentruntime/runtime.go:794.27,796.3 1 1
nyx/internal/agentruntime/runtime.go:797.2,797.34 1 1
nyx/internal/agentruntime/runtime.go:800.64,801.21 1 1
nyx/internal/agentruntime/runtime.go:801.21,803.3 1 0
nyx/internal/agentruntime/runtime.go:804.2,805.32 2 1
nyx/internal/agentruntime/runtime.go:805.32,807.3 1 1
nyx/internal/agentruntime/runtime.go:808.2,808.12 1 1
nyx/cmd/migrate/main.go:13.13,18.48 4 0
nyx/cmd/migrate/main.go:18.48,20.3 1 0
nyx/cmd/migrate/main.go:21.2,21.27 1 0
nyx/cmd/migrate/main.go:21.27,23.3 1 0
nyx/cmd/migrate/main.go:25.2,25.24 1 0
nyx/cmd/migrate/main.go:25.24,26.95 1 0
nyx/cmd/migrate/main.go:26.95,28.4 1 0
nyx/cmd/migrate/main.go:29.3,30.9 2 0
nyx/cmd/migrate/main.go:33.2,33.77 1 0
nyx/cmd/migrate/main.go:33.77,35.3 1 0
nyx/cmd/migrate/main.go:37.2,37.61 1 0
nyx/cmd/executor/main.go:25.13,26.30 1 0
nyx/cmd/executor/main.go:26.30,29.3 2 0
nyx/cmd/executor/main.go:32.18,40.49 4 0
nyx/cmd/executor/main.go:40.49,42.3 1 0
nyx/cmd/executor/main.go:44.2,55.16 5 0
nyx/cmd/executor/main.go:55.16,57.3 1 0
nyx/cmd/executor/main.go:58.2,58.15 1 0
nyx/cmd/executor/main.go:58.15,58.35 1 0
nyx/cmd/executor/main.go:60.2,61.16 2 0
nyx/cmd/executor/main.go:61.16,63.3 1 0
nyx/cmd/executor/main.go:64.2,64.15 1 0
nyx/cmd/executor/main.go:64.15,64.40 1 0
nyx/cmd/executor/main.go:66.2,66.37 1 0
nyx/cmd/executor/main.go:66.37,68.3 1 0
nyx/cmd/executor/main.go:70.2,96.16 5 0
nyx/cmd/executor/main.go:96.16,98.3 1 0
nyx/cmd/executor/main.go:99.2,110.142 6 0
nyx/cmd/executor/main.go:110.142,113.17 3 0
nyx/cmd/executor/main.go:113.17,115.4 1 0
nyx/cmd/executor/main.go:116.3,126.24 4 0
nyx/cmd/executor/main.go:126.24,129.4 2 0
nyx/cmd/executor/main.go:130.3,131.18 2 0
nyx/cmd/executor/main.go:133.2,133.53 1 0
nyx/cmd/executor/main.go:133.53,135.3 1 0
nyx/cmd/executor/main.go:136.2,136.12 1 0
nyx/cmd/executor/main.go:139.45,140.34 1 0
nyx/cmd/executor/main.go:141.16,147.6 1 0
nyx/cmd/executor/main.go:148.14,149.29 1 0
nyx/cmd/executor/main.go:149.29,157.4 2 0
nyx/cmd/executor/main.go:158.3,158.68 1 0
nyx/cmd/executor/main.go:159.10,160.68 1 0
nyx/cmd/api/main.go:30.13,31.30 1 0
nyx/cmd/api/main.go:31.30,34.3 2 0
nyx/cmd/api/main.go:37.18,45.44 4 0
nyx/cmd/api/main.go:45.44,47.3 1 0
nyx/cmd/api/main.go:49.2,60.16 5 0
nyx/cmd/api/main.go:60.16,62.3 1 0
nyx/cmd/api/main.go:63.2,63.15 1 0
nyx/cmd/api/main.go:63.15,63.35 1 0
nyx/cmd/api/main.go:65.2,66.16 2 0
nyx/cmd/api/main.go:66.16,68.3 1 0
nyx/cmd/api/main.go:69.2,69.15 1 0
nyx/cmd/api/main.go:69.15,69.40 1 0
nyx/cmd/api/main.go:71.2,97.16 5 0
nyx/cmd/api/main.go:97.16,99.3 1 0
nyx/cmd/api/main.go:100.2,102.46 3 0
nyx/cmd/api/main.go:102.46,104.17 2 0
nyx/cmd/api/main.go:104.17,106.4 1 0
nyx/cmd/api/main.go:107.3,107.70 1 0
nyx/cmd/api/main.go:109.2,126.12 6 0
nyx/cmd/api/main.go:126.12,128.3 1 0
nyx/cmd/api/main.go:130.2,131.9 2 0
nyx/cmd/api/main.go:132.22,133.58 1 0
nyx/cmd/api/main.go:133.58,135.4 1 0
nyx/cmd/api/main.go:136.3,136.13 1 0
nyx/cmd/api/main.go:137.20,138.61 1 0
nyx/cmd/api/main.go:141.2,143.98 3 0
nyx/cmd/api/main.go:143.98,145.3 1 0
nyx/cmd/api/main.go:146.2,146.73 1 0
nyx/cmd/api/main.go:146.73,148.3 1 0
nyx/cmd/api/main.go:149.2,149.12 1 0
nyx/cmd/api/main.go:152.45,153.34 1 0
nyx/cmd/api/main.go:154.16,160.6 1 0
nyx/cmd/api/main.go:161.14,162.29 1 0
nyx/cmd/api/main.go:162.29,170.4 2 0
nyx/cmd/api/main.go:171.3,171.68 1 0
nyx/cmd/api/main.go:172.10,173.68 1 0
nyx/cmd/orchestrator/main.go:28.13,29.30 1 0
nyx/cmd/orchestrator/main.go:29.30,32.3 2 0
nyx/cmd/orchestrator/main.go:35.18,43.53 4 0
nyx/cmd/orchestrator/main.go:43.53,45.3 1 0
nyx/cmd/orchestrator/main.go:47.2,58.16 5 0
nyx/cmd/orchestrator/main.go:58.16,60.3 1 0
nyx/cmd/orchestrator/main.go:61.2,61.15 1 0
nyx/cmd/orchestrator/main.go:61.15,61.35 1 0
nyx/cmd/orchestrator/main.go:63.2,64.16 2 0
nyx/cmd/orchestrator/main.go:64.16,66.3 1 0
nyx/cmd/orchestrator/main.go:67.2,67.15 1 0
nyx/cmd/orchestrator/main.go:67.15,67.40 1 0
nyx/cmd/orchestrator/main.go:69.2,95.16 5 0
nyx/cmd/orchestrator/main.go:95.16,97.3 1 0
nyx/cmd/orchestrator/main.go:98.2,100.46 3 0
nyx/cmd/orchestrator/main.go:100.46,102.3 1 0
nyx/cmd/orchestrator/main.go:103.2,103.66 1 0
nyx/cmd/orchestrator/main.go:104.16,112.115 2 0
nyx/cmd/orchestrator/main.go:113.14,114.48 1 0
nyx/cmd/orchestrator/main.go:114.48,123.4 2 0
nyx/cmd/orchestrator/main.go:125.2,135.84 5 0
nyx/cmd/orchestrator/main.go:135.84,137.3 1 0
nyx/cmd/orchestrator/main.go:138.2,138.12 1 0
nyx/cmd/orchestrator/main.go:141.45,142.34 1 0
nyx/cmd/orchestrator/main.go:143.16,149.6 1 0
nyx/cmd/orchestrator/main.go:150.14,151.29 1 0
nyx/cmd/orchestrator/main.go:151.29,159.4 2 0
nyx/cmd/orchestrator/main.go:160.3,160.68 1 0
nyx/cmd/orchestrator/main.go:161.10,162.68 1 0
nyx/internal/domain/types.go:100.52,101.51 1 0
nyx/internal/domain/types.go:102.30,103.12 1 0
nyx/internal/domain/types.go:104.41,105.43 1 0
nyx/internal/domain/types.go:106.40,107.42 1 0
nyx/internal/domain/types.go:108.41,109.43 1 0
nyx/internal/domain/types.go:110.36,111.38 1 0
nyx/internal/domain/types.go:112.10,113.12 1 0
nyx/internal/domain/types.go:117.70,118.21 1 0
nyx/internal/domain/types.go:118.21,119.84 1 0
nyx/internal/domain/types.go:119.84,121.4 1 0
nyx/internal/domain/types.go:123.2,123.50 1 0
nyx/internal/domain/types.go:124.27,125.42 1 0
nyx/internal/domain/types.go:126.41,127.43 1 0
nyx/internal/domain/types.go:128.23,129.38 1 0
nyx/internal/domain/types.go:130.10,131.43 1 0
nyx/internal/events/bus.go:14.20,18.2 1 1
nyx/internal/events/bus.go:20.43,24.46 3 1
nyx/internal/events/bus.go:24.46,25.10 1 1
nyx/internal/events/bus.go:26.20,26.20 0 1
nyx/internal/events/bus.go:27.11,27.11 0 1
nyx/internal/events/bus.go:32.70,36.34 3 1
nyx/internal/events/bus.go:36.34,38.3 1 1
nyx/internal/events/bus.go:39.2,43.19 4 1
nyx/internal/events/bus.go:43.19,44.18 1 1
nyx/internal/events/bus.go:44.18,49.39 5 1
nyx/internal/events/bus.go:49.39,51.5 1 1
nyx/internal/events/bus.go:55.2,55.19 1 1
nyx/internal/functions/ids/ids.go:9.32,13.2 3 0
nyx/internal/memvec/embedder.go:31.51,32.20 1 1
nyx/internal/memvec/embedder.go:32.20,34.3 1 1
nyx/internal/memvec/embedder.go:35.2,35.44 1 1
nyx/internal/memvec/embedder.go:38.38,40.2 1 1
nyx/internal/memvec/embedder.go:42.41,44.2 1 0
nyx/internal/memvec/embedder.go:46.81,48.2 1 1
nyx/internal/memvec/embedder.go:50.31,53.17 3 1
nyx/internal/memvec/embedder.go:53.17,56.3 2 0
nyx/internal/memvec/embedder.go:57.2,57.17 1 1
nyx/internal/memvec/embedder.go:60.33,64.2 3 1
nyx/internal/memvec/embedder.go:66.23,68.2 1 0
nyx/internal/memvec/embedder.go:70.103,78.16 7 1
nyx/internal/memvec/embedder.go:78.16,85.3 6 1
nyx/internal/memvec/embedder.go:86.2,87.30 2 1
nyx/internal/memvec/embedder.go:90.46,92.25 2 1
nyx/internal/memvec/embedder.go:92.25,94.3 1 0
nyx/internal/memvec/embedder.go:95.2,95.16 1 1
nyx/internal/memvec/embedder.go:98.42,99.50 1 1
nyx/internal/memvec/embedder.go:100.109,101.16 1 0
nyx/internal/memvec/embedder.go:102.29,103.17 1 0
nyx/internal/memvec/embedder.go:104.10,105.20 1 1
nyx/internal/memvec/embedder.go:109.41,112.2 2 1
nyx/internal/memvec/embedder.go:114.35,117.16 3 0
nyx/internal/memvec/embedder.go:117.16,119.3 1 0
nyx/internal/memvec/embedder.go:120.2,122.18 3 0
nyx/internal/memvec/embedder.go:125.42,127.28 2 0
nyx/internal/memvec/embedder.go:127.28,129.3 1 0
nyx/internal/memvec/embedder.go:130.2,130.45 1 0
nyx/internal/memvec/embedder.go:133.41,134.32 1 0
nyx/internal/memvec/embedder.go:134.32,136.3 1 0
nyx/internal/memvec/embedder.go:137.2,138.16 2 0
nyx/internal/memvec/embedder.go:138.16,140.3 1 0
nyx/internal/memvec/embedder.go:141.2,142.25 2 0
nyx/internal/memvec/embedder.go:142.25,144.3 1 0
nyx/internal/memvec/embedder.go:145.2,145.12 1 0
nyx/internal/memvec/embedder.go:148.54,151.22 3 1
nyx/internal/memvec/embedder.go:151.22,153.3 1 0
nyx/internal/memvec/embedder.go:154.2,154.31 1 1
nyx/internal/memvec/embedder.go:154.31,156.18 2 1
nyx/internal/memvec/embedder.go:156.18,157.12 1 0
nyx/internal/memvec/embedder.go:159.3,164.25 6 1
nyx/internal/memvec/embedder.go:164.25,166.4 1 0
nyx/internal/memvec/embedder.go:167.3,167.21 1 1
nyx/internal/memvec/embedder.go:169.2,170.12 2 1
nyx/internal/memvec/embedder.go:173.31,175.28 2 1
nyx/internal/memvec/embedder.go:175.28,177.3 1 1
nyx/internal/memvec/embedder.go:178.2,178.14 1 1
nyx/internal/memvec/embedder.go:178.14,180.3 1 0
nyx/internal/memvec/embedder.go:181.2,182.21 2 1
nyx/internal/memvec/embedder.go:182.21,184.3 1 1
nyx/internal/memvec/embedder.go:187.55,188.18 1 1
nyx/internal/memvec/embedder.go:188.18,190.3 1 1
nyx/internal/memvec/embedder.go:191.2,192.29 2 0
nyx/internal/memvec/embedder.go:192.29,194.3 1 0
nyx/internal/memvec/embedder.go:195.2,195.12 1 0
nyx/internal/memvec/embedder.go:198.48,199.26 1 1
nyx/internal/memvec/embedder.go:199.26,201.3 1 1
nyx/internal/memvec/embedder.go:202.2,202.23 1 0
nyx/internal/reports/service.go:20.49,37.2 1 1
nyx/internal/reports/service.go:39.42,41.2 1 0
nyx/internal/reports/service.go:43.37,53.37 9 1
nyx/internal/reports/service.go:53.37,55.3 1 1
nyx/internal/reports/service.go:57.2,58.36 2 1
nyx/internal/reports/service.go:58.36,60.3 1 0
nyx/internal/reports/service.go:60.8,61.48 1 1
nyx/internal/reports/service.go:61.48,63.4 1 1
nyx/internal/reports/service.go:64.3,64.22 1 1
nyx/internal/reports/service.go:67.2,68.37 2 1
nyx/internal/reports/service.go:68.37,70.3 1 0
nyx/internal/reports/service.go:70.8,71.50 1 1
nyx/internal/reports/service.go:71.50,73.4 1 1
nyx/internal/reports/service.go:74.3,74.22 1 1
nyx/internal/reports/service.go:77.2,78.36 2 1
nyx/internal/reports/service.go:78.36,80.3 1 1
nyx/internal/reports/service.go:80.8,81.47 1 0
nyx/internal/reports/service.go:81.47,83.4 1 0
nyx/internal/reports/service.go:84.3,84.22 1 0
nyx/internal/reports/service.go:87.2,88.37 2 1
nyx/internal/reports/service.go:88.37,90.3 1 1
nyx/internal/reports/service.go:90.8,91.50 1 0
nyx/internal/reports/service.go:91.50,93.33 2 0
nyx/internal/reports/service.go:93.33,95.5 1 0
nyx/internal/reports/service.go:96.4,96.33 1 0
nyx/internal/reports/service.go:96.33,98.5 1 0
nyx/internal/reports/service.go:99.4,99.23 1 0
nyx/internal/reports/service.go:101.3,101.22 1 0
nyx/internal/reports/service.go:104.2,105.35 2 1
nyx/internal/reports/service.go:105.35,107.3 1 1
nyx/internal/reports/service.go:107.8,108.46 1 0
nyx/internal/reports/service.go:108.46,110.4 1 0
nyx/internal/reports/service.go:113.2,113.19 1 1
nyx/internal/reports/service.go:116.32,119.21 3 1
nyx/internal/reports/service.go:119.21,121.3 1 0
nyx/internal/reports/service.go:122.2,123.29 2 1
nyx/internal/reports/service.go:123.29,124.12 1 1
nyx/internal/reports/service.go:124.12,126.4 1 1
nyx/internal/reports/service.go:127.3,127.59 1 1
nyx/internal/reports/service.go:129.2,142.33 6 1
nyx/internal/reports/service.go:142.33,145.3 2 1
nyx/internal/reports/service.go:146.2,149.36 4 1
nyx/internal/reports/service.go:149.36,151.3 1 1
nyx/internal/reports/service.go:152.2,153.18 2 1
nyx/internal/reports/service.go:156.41,161.2 4 1
nyx/internal/observability/health.go:17.45,18.71 1 1
nyx/internal/observability/health.go:18.71,21.3 2 1
nyx/internal/observability/health.go:24.64,32.33 4 1
nyx/internal/observability/health.go:32.33,36.17 4 1
nyx/internal/observability/health.go:36.17,40.12 4 1
nyx/internal/observability/health.go:42.3,42.22 1 1
nyx/internal/observability/health.go:44.2,44.21 1 1
nyx/internal/observability/health.go:47.114,48.16 1 0
nyx/internal/observability/health.go:48.16,50.3 1 0
nyx/internal/observability/health.go:51.2,54.20 4 0
nyx/internal/observability/health.go:54.20,56.3 1 0
nyx/internal/observability/health.go:57.2,58.12 2 0
nyx/internal/observability/health.go:58.12,60.80 2 0
nyx/internal/observability/health.go:60.80,62.4 1 0
nyx/internal/observability/health.go:64.2,64.12 1 0
nyx/internal/observability/health.go:64.12,69.3 4 0
nyx/internal/observability/health.go:70.2,70.15 1 0
nyx/internal/observability/health.go:78.68,82.2 3 1
nyx/internal/observability/logger.go:22.47,24.19 2 1
nyx/internal/observability/logger.go:24.19,26.3 1 0
nyx/internal/observability/logger.go:27.2,30.62 4 1
nyx/internal/observability/logger.go:30.62,32.3 1 0
nyx/internal/observability/logger.go:32.8,34.3 1 1
nyx/internal/observability/logger.go:35.2,35.55 1 1
nyx/internal/observability/logger.go:38.69,39.38 1 1
nyx/internal/observability/logger.go:39.38,41.3 1 0
nyx/internal/observability/logger.go:42.2,42.59 1 1
nyx/internal/observability/logger.go:45.42,46.16 1 1
nyx/internal/observability/logger.go:46.16,48.3 1 0
nyx/internal/observability/logger.go:49.2,49.60 1 1
nyx/internal/observability/logger.go:49.60,51.3 1 1
nyx/internal/observability/logger.go:52.2,52.11 1 0
nyx/internal/observability/logger.go:55.65,57.19 2 1
nyx/internal/observability/logger.go:57.19,59.3 1 1
nyx/internal/observability/logger.go:60.2,61.41 2 0
nyx/internal/observability/logger.go:64.40,65.49 1 1
nyx/internal/observability/logger.go:66.15,67.25 1 1
nyx/internal/observability/logger.go:68.14,69.24 1 0
nyx/internal/observability/logger.go:70.15,71.25 1 0
nyx/internal/observability/logger.go:72.10,73.24 1 0
nyx/internal/observability/metrics.go:17.30,22.2 1 1
nyx/internal/observability/metrics.go:24.85,25.16 1 1
nyx/internal/observability/metrics.go:25.16,27.3 1 0
nyx/internal/observability/metrics.go:28.2,31.26 4 1
nyx/internal/observability/metrics.go:34.83,39.2 4 1
nyx/internal/observability/metrics.go:41.43,42.71 1 0
nyx/internal/observability/metrics.go:42.71,45.3 2 0
nyx/internal/observability/metrics.go:48.36,53.30 4 1
nyx/internal/observability/metrics.go:53.30,55.3 1 1
nyx/internal/observability/metrics.go:56.2,56.28 1 1
nyx/internal/observability/metrics.go:56.28,58.3 1 1
nyx/internal/observability/metrics.go:59.2,63.27 4 1
nyx/internal/observability/metrics.go:63.27,64.29 1 1
nyx/internal/observability/metrics.go:64.29,65.12 1 0
nyx/internal/observability/metrics.go:67.3,68.39 2 1
nyx/internal/observability/metrics.go:68.39,70.4 1 1
nyx/internal/observability/metrics.go:71.3,71.37 1 1
nyx/internal/observability/metrics.go:71.37,73.4 1 1
nyx/internal/observability/metrics.go:75.2,75.19 1 1
nyx/internal/observability/metrics.go:78.62,79.22 1 1
nyx/internal/observability/metrics.go:79.22,81.3 1 1
nyx/internal/observability/metrics.go:82.2,83.26 2 1
nyx/internal/observability/metrics.go:83.26,85.3 1 1
nyx/internal/observability/metrics.go:86.2,88.27 3 1
nyx/internal/observability/metrics.go:88.27,90.3 1 1
nyx/internal/observability/metrics.go:91.2,91.68 1 1
nyx/internal/observability/metrics.go:94.41,99.16 5 1
nyx/internal/observability/metrics.go:99.16,101.3 1 0
nyx/internal/observability/metrics.go:102.2,102.13 1 1
nyx/internal/observability/metrics.go:105.39,109.2 3 1
nyx/internal/openai/action_policy.go:15.160,16.39 1 1
nyx/internal/openai/action_policy.go:16.39,18.3 1 0
nyx/internal/openai/action_policy.go:20.2,59.16 3 1
nyx/internal/openai/action_policy.go:59.16,61.3 1 0
nyx/internal/openai/action_policy.go:62.2,63.16 2 1
nyx/internal/openai/action_policy.go:63.16,65.3 1 0
nyx/internal/openai/action_policy.go:66.2,70.16 4 1
nyx/internal/openai/action_policy.go:70.16,72.3 1 0
nyx/internal/openai/action_policy.go:73.2,76.16 3 1
nyx/internal/openai/action_policy.go:76.16,78.3 1 0
nyx/internal/openai/action_policy.go:79.2,79.28 1 1
nyx/internal/openai/action_policy.go:79.28,81.3 1 0
nyx/internal/openai/action_policy.go:83.2,84.58 2 1
nyx/internal/openai/action_policy.go:84.58,86.3 1 0
nyx/internal/openai/action_policy.go:87.2,88.35 2 1
nyx/internal/openai/action_policy.go:88.35,90.3 1 0
nyx/internal/openai/action_policy.go:92.2,93.64 2 1
nyx/internal/openai/action_policy.go:93.64,95.3 1 0
nyx/internal/openai/action_policy.go:97.2,101.8 1 1
nyx/internal/openai/action_policy.go:104.34,117.2 1 1
nyx/internal/openai/action_policy.go:119.74,130.48 11 1
nyx/internal/openai/action_policy.go:130.48,132.3 1 0
nyx/internal/openai/action_policy.go:133.2,133.31 1 1
nyx/internal/openai/action_policy.go:133.31,135.41 2 0
nyx/internal/openai/action_policy.go:135.41,137.4 1 0
nyx/internal/openai/action_policy.go:139.2,139.31 1 1
nyx/internal/openai/action_policy.go:139.31,141.43 2 0
nyx/internal/openai/action_policy.go:141.43,143.4 1 0
nyx/internal/openai/action_policy.go:145.2,146.45 2 1
nyx/internal/openai/action_policy.go:146.45,148.3 1 1
nyx/internal/openai/action_policy.go:149.2,150.19 2 1
nyx/internal/openai/action_policy.go:153.66,169.2 1 1
nyx/internal/openai/action_policy.go:171.27,172.11 1 1
nyx/internal/openai/action_policy.go:172.11,174.3 1 1
nyx/internal/openai/action_policy.go:175.2,175.10 1 0
nyx/internal/openai/client.go:35.42,37.19 2 1
nyx/internal/openai/client.go:37.19,39.3 1 1
nyx/internal/openai/client.go:40.2,41.19 2 1
nyx/internal/openai/client.go:41.19,43.3 1 1
nyx/internal/openai/client.go:44.2,44.40 1 1
nyx/internal/openai/client.go:44.40,46.3 1 1
nyx/internal/openai/client.go:47.2,47.50 1 1
nyx/internal/openai/client.go:47.50,49.3 1 1
nyx/internal/openai/client.go:50.2,50.31 1 1
nyx/internal/openai/client.go:50.31,52.3 1 1
nyx/internal/openai/client.go:53.2,60.3 1 1
nyx/internal/openai/client.go:63.138,64.39 1 1
nyx/internal/openai/client.go:64.39,66.3 1 1
nyx/internal/openai/client.go:68.2,107.16 3 1
nyx/internal/openai/client.go:107.16,109.3 1 0
nyx/internal/openai/client.go:111.2,112.16 2 1
nyx/internal/openai/client.go:112.16,114.3 1 0
nyx/internal/openai/client.go:115.2,119.16 4 1
nyx/internal/openai/client.go:119.16,121.3 1 0
nyx/internal/openai/client.go:122.2,125.16 3 1
nyx/internal/openai/client.go:125.16,127.3 1 0
nyx/internal/openai/client.go:128.2,128.28 1 1
nyx/internal/openai/client.go:128.28,130.3 1 0
nyx/internal/openai/client.go:132.2,133.58 2 1
nyx/internal/openai/client.go:133.58,135.3 1 0
nyx/internal/openai/client.go:137.2,138.35 2 1
nyx/internal/openai/client.go:138.35,140.3 1 0
nyx/internal/openai/client.go:142.2,143.60 2 1
nyx/internal/openai/client.go:143.60,145.3 1 0
nyx/internal/openai/client.go:147.2,151.8 1 1
nyx/internal/openai/client.go:172.54,173.32 1 1
nyx/internal/openai/client.go:173.32,174.40 1 1
nyx/internal/openai/client.go:174.40,175.45 1 1
nyx/internal/openai/client.go:175.45,177.5 1 1
nyx/internal/openai/client.go:180.2,180.11 1 0
nyx/internal/openai/client.go:183.60,185.43 2 1
nyx/internal/openai/client.go:185.43,186.41 1 1
nyx/internal/openai/client.go:186.41,187.12 1 0
nyx/internal/openai/client.go:189.3,189.54 1 1
nyx/internal/openai/client.go:191.2,191.33 1 1
nyx/internal/openai/client.go:194.28,207.2 1 1
nyx/internal/openai/client.go:209.63,214.48 5 1
nyx/internal/openai/client.go:214.48,216.3 1 0
nyx/internal/openai/client.go:217.2,218.45 2 1
nyx/internal/openai/client.go:218.45,220.3 1 1
nyx/internal/openai/client.go:221.2,222.19 2 1
nyx/internal/openai/client.go:225.56,295.2 1 1
nyx/internal/openai/client.go:297.64,298.20 1 1
nyx/internal/openai/client.go:298.20,300.3 1 0
nyx/internal/openai/client.go:301.2,303.27 3 1
nyx/internal/openai/client.go:303.27,305.17 2 1
nyx/internal/openai/client.go:305.17,306.12 1 0
nyx/internal/openai/client.go:308.3,308.30 1 1
nyx/internal/openai/client.go:308.30,309.12 1 0
nyx/internal/openai/client.go:311.3,312.30 2 1
nyx/internal/openai/client.go:314.2,314.21 1 1
nyx/internal/openai/client.go:314.21,316.3 1 0
nyx/internal/openai/client.go:317.2,317.14 1 1
nyx/internal/openai/embeddings.go:30.67,32.19 2 1
nyx/internal/openai/embeddings.go:32.19,34.3 1 0
nyx/internal/openai/embeddings.go:35.2,36.17 2 1
nyx/internal/openai/embeddings.go:36.17,38.3 1 0
nyx/internal/openai/embeddings.go:39.2,40.21 2 1
nyx/internal/openai/embeddings.go:40.21,42.3 1 1
nyx/internal/openai/embeddings.go:43.2,44.19 2 1
nyx/internal/openai/embeddings.go:44.19,46.3 1 0
nyx/internal/openai/embeddings.go:47.2,53.3 1 1
nyx/internal/openai/embeddings.go:56.43,58.2 1 0
nyx/internal/openai/embeddings.go:60.46,62.2 1 0
nyx/internal/openai/embeddings.go:64.88,65.39 1 1
nyx/internal/openai/embeddings.go:65.39,67.3 1 0
nyx/internal/openai/embeddings.go:68.2,75.16 3 1
nyx/internal/openai/embeddings.go:75.16,77.3 1 0
nyx/internal/openai/embeddings.go:78.2,79.16 2 1
nyx/internal/openai/embeddings.go:79.16,81.3 1 0
nyx/internal/openai/embeddings.go:82.2,85.16 4 1
nyx/internal/openai/embeddings.go:85.16,87.3 1 0
nyx/internal/openai/embeddings.go:88.2,91.16 3 1
nyx/internal/openai/embeddings.go:91.16,93.3 1 0
nyx/internal/openai/embeddings.go:94.2,94.28 1 1
nyx/internal/openai/embeddings.go:94.28,96.3 1 0
nyx/internal/openai/embeddings.go:97.2,102.58 2 1
nyx/internal/openai/embeddings.go:102.58,104.3 1 0
nyx/internal/openai/embeddings.go:105.2,105.65 1 1
nyx/internal/openai/embeddings.go:105.65,107.3 1 0
nyx/internal/openai/embeddings.go:108.2,108.38 1 1
nyx/internal/services/search/service.go:75.28,77.2 1 0
nyx/internal/services/search/service.go:79.48,80.39 1 1
nyx/internal/services/search/service.go:80.39,82.3 1 0
nyx/internal/services/search/service.go:83.2,83.42 1 1
nyx/internal/services/search/service.go:83.42,85.3 1 1
nyx/internal/services/search/service.go:86.2,86.43 1 1
nyx/internal/services/search/service.go:86.43,88.3 1 1
nyx/internal/services/search/service.go:89.2,89.46 1 1
nyx/internal/services/search/service.go:89.46,91.3 1 1
nyx/internal/services/search/service.go:92.2,92.43 1 1
nyx/internal/services/search/service.go:92.43,94.3 1 1
nyx/internal/services/search/service.go:95.2,95.22 1 1
nyx/internal/services/search/service.go:95.22,97.3 1 1
nyx/internal/services/search/service.go:98.2,98.25 1 1
nyx/internal/services/search/service.go:98.25,100.3 1 1
nyx/internal/services/search/service.go:101.2,101.44 1 1
nyx/internal/services/search/service.go:101.44,103.3 1 1
nyx/internal/services/search/service.go:104.2,104.48 1 1
nyx/internal/services/search/service.go:104.48,106.3 1 1
nyx/internal/services/search/service.go:107.2,107.52 1 1
nyx/internal/services/search/service.go:107.52,109.3 1 1
nyx/internal/services/search/service.go:110.2,110.50 1 1
nyx/internal/services/search/service.go:110.50,112.3 1 1
nyx/internal/services/search/service.go:113.2,113.50 1 1
nyx/internal/services/search/service.go:113.50,115.3 1 1
nyx/internal/services/search/service.go:116.2,117.19 2 1
nyx/internal/services/search/service.go:117.19,119.3 1 0
nyx/internal/services/search/service.go:120.2,120.43 1 1
nyx/internal/services/search/service.go:123.76,125.17 2 1
nyx/internal/services/search/service.go:125.17,127.3 1 0
nyx/internal/services/search/service.go:128.2,129.14 2 1
nyx/internal/services/search/service.go:130.18,131.61 1 0
nyx/internal/services/search/service.go:132.20,133.40 1 1
nyx/internal/services/search/service.go:134.17,135.37 1 0
nyx/internal/services/search/service.go:136.16,137.46 1 1
nyx/internal/services/search/service.go:138.20,139.40 1 1
nyx/internal/services/search/service.go:140.18,141.38 1 1
nyx/internal/services/search/service.go:142.10,143.66 1 0
nyx/internal/services/search/service.go:147.39,148.56 1 1
nyx/internal/services/search/service.go:148.56,150.3 1 1
nyx/internal/services/search/service.go:151.2,152.59 2 0
nyx/internal/services/search/service.go:152.59,154.3 1 0
nyx/internal/services/search/service.go:155.2,155.68 1 0
nyx/internal/services/search/service.go:155.68,157.3 1 0
nyx/internal/services/search/service.go:158.2,159.33 2 0
nyx/internal/services/search/service.go:162.51,164.50 2 1
nyx/internal/services/search/service.go:165.16,166.94 1 1
nyx/internal/services/search/service.go:166.94,167.55 1 0
nyx/internal/services/search/service.go:167.55,169.5 1 0
nyx/internal/services/search/service.go:170.4,170.51 1 0
nyx/internal/services/search/service.go:170.51,172.5 1 0
nyx/internal/services/search/service.go:173.4,173.70 1 0
nyx/internal/services/search/service.go:173.70,175.5 1 0
nyx/internal/services/search/service.go:176.4,176.60 1 0
nyx/internal/services/search/service.go:178.19,179.97 1 1
nyx/internal/services/search/service.go:179.97,181.4 1 0
nyx/internal/services/search/service.go:182.16,183.94 1 0
nyx/internal/services/search/service.go:183.94,184.70 1 0
nyx/internal/services/search/service.go:184.70,186.5 1 0
nyx/internal/services/search/service.go:187.4,187.60 1 0
nyx/internal/services/search/service.go:189.10,190.93 1 1
nyx/internal/services/search/service.go:190.93,192.4 1 0
nyx/internal/services/search/service.go:196.81,197.14 1 1
nyx/internal/services/search/service.go:198.18,199.16 1 0
nyx/internal/services/search/service.go:200.10,201.14 1 1
nyx/internal/services/search/service.go:205.87,207.16 2 1
nyx/internal/services/search/service.go:207.16,209.3 1 1
nyx/internal/services/search/service.go:210.2,211.16 2 1
nyx/internal/services/search/service.go:211.16,213.3 1 0
nyx/internal/services/search/service.go:214.2,219.16 5 1
nyx/internal/services/search/service.go:219.16,221.3 1 0
nyx/internal/services/search/service.go:222.2,225.16 3 1
nyx/internal/services/search/service.go:225.16,227.3 1 0
nyx/internal/services/search/service.go:228.2,228.15 1 1
nyx/internal/services/search/service.go:228.15,228.40 1 1
nyx/internal/services/search/service.go:230.2,231.16 2 1
nyx/internal/services/search/service.go:231.16,233.3 1 0
nyx/internal/services/search/service.go:234.2,234.28 1 1
nyx/internal/services/search/service.go:234.28,236.3 1 0
nyx/internal/services/search/service.go:238.2,239.23 2 1
nyx/internal/services/search/service.go:239.23,241.3 1 0
nyx/internal/services/search/service.go:242.2,247.8 1 1
nyx/internal/services/search/service.go:250.84,252.16 2 0
nyx/internal/services/search/service.go:252.16,254.3 1 0
nyx/internal/services/search/service.go:255.2,256.16 2 0
nyx/internal/services/search/service.go:256.16,258.3 1 0
nyx/internal/services/search/service.go:259.2,259.43 1 0
nyx/internal/services/search/service.go:259.43,261.3 1 0
nyx/internal/services/search/service.go:262.2,272.16 10 0
nyx/internal/services/search/service.go:272.16,274.3 1 0
nyx/internal/services/search/service.go:275.2,278.16 3 0
nyx/internal/services/search/service.go:278.16,280.3 1 0
nyx/internal/services/search/service.go:281.2,281.15 1 0
nyx/internal/services/search/service.go:281.15,281.40 1 0
nyx/internal/services/search/service.go:283.2,284.16 2 0
nyx/internal/services/search/service.go:284.16,286.3 1 0
nyx/internal/services/search/service.go:287.2,287.28 1 0
nyx/internal/services/search/service.go:287.28,289.3 1 0
nyx/internal/services/search/service.go:291.2,298.55 2 0
nyx/internal/services/search/service.go:298.55,300.3 1 0
nyx/internal/services/search/service.go:302.2,303.39 2 0
nyx/internal/services/search/service.go:303.39,304.79 1 0
nyx/internal/services/search/service.go:304.79,305.12 1 0
nyx/internal/services/search/service.go:307.3,312.38 2 0
nyx/internal/services/search/service.go:312.38,313.9 1 0
nyx/internal/services/search/service.go:316.2,316.21 1 0
nyx/internal/services/search/service.go:316.21,318.3 1 0
nyx/internal/services/search/service.go:319.2,324.8 1 0
nyx/internal/services/search/service.go:327.89,328.49 1 1
nyx/internal/services/search/service.go:328.49,330.3 1 0
nyx/internal/services/search/service.go:331.2,339.22 2 1
nyx/internal/services/search/service.go:339.22,342.3 2 0
nyx/internal/services/search/service.go:343.2,344.16 2 1
nyx/internal/services/search/service.go:344.16,346.3 1 0
nyx/internal/services/search/service.go:347.2,348.16 2 1
nyx/internal/services/search/service.go:348.16,350.3 1 0
nyx/internal/services/search/service.go:351.2,356.16 5 1
nyx/internal/services/search/service.go:356.16,358.3 1 0
nyx/internal/services/search/service.go:359.2,359.15 1 1
nyx/internal/services/search/service.go:359.15,359.40 1 1
nyx/internal/services/search/service.go:360.2,361.16 2 1
nyx/internal/services/search/service.go:361.16,363.3 1 0
nyx/internal/services/search/service.go:364.2,364.28 1 1
nyx/internal/services/search/service.go:364.28,366.3 1 0
nyx/internal/services/search/service.go:368.2,376.58 2 1
nyx/internal/services/search/service.go:376.58,378.3 1 0
nyx/internal/services/search/service.go:380.2,381.38 2 1
nyx/internal/services/search/service.go:381.38,382.79 1 1
nyx/internal/services/search/service.go:382.79,383.12 1 0
nyx/internal/services/search/service.go:385.3,390.38 2 1
nyx/internal/services/search/service.go:390.38,391.9 1 0
nyx/internal/services/search/service.go:394.2,394.21 1 1
nyx/internal/services/search/service.go:394.21,396.3 1 0
nyx/internal/services/search/service.go:397.2,398.44 2 1
nyx/internal/services/search/service.go:398.44,400.3 1 1
nyx/internal/services/search/service.go:401.2,406.8 1 1
nyx/internal/services/search/service.go:409.87,410.53 1 1
nyx/internal/services/search/service.go:410.53,412.3 1 0
nyx/internal/services/search/service.go:413.2,420.16 3 1
nyx/internal/services/search/service.go:420.16,422.3 1 0
nyx/internal/services/search/service.go:423.2,424.16 2 1
nyx/internal/services/search/service.go:424.16,426.3 1 0
nyx/internal/services/search/service.go:427.2,432.16 5 1
nyx/internal/services/search/service.go:432.16,434.3 1 0
nyx/internal/services/search/service.go:435.2,435.15 1 1
nyx/internal/services/search/service.go:435.15,435.40 1 1
nyx/internal/services/search/service.go:436.2,437.16 2 1
nyx/internal/services/search/service.go:437.16,439.3 1 0
nyx/internal/services/search/service.go:440.2,440.28 1 1
nyx/internal/services/search/service.go:440.28,442.3 1 0
nyx/internal/services/search/service.go:444.2,457.58 2 1
nyx/internal/services/search/service.go:457.58,459.3 1 0
nyx/internal/services/search/service.go:461.2,462.44 2 1
nyx/internal/services/search/service.go:462.44,463.40 1 1
nyx/internal/services/search/service.go:463.40,464.12 1 0
nyx/internal/services/search/service.go:466.3,467.18 2 1
nyx/internal/services/search/service.go:467.18,469.4 1 0
nyx/internal/services/search/service.go:470.3,475.38 2 1
nyx/internal/services/search/service.go:475.38,476.9 1 0
nyx/internal/services/search/service.go:479.2,479.21 1 1
nyx/internal/services/search/service.go:479.21,480.45 1 0
nyx/internal/services/search/service.go:480.45,481.41 1 0
nyx/internal/services/search/service.go:481.41,482.13 1 0
nyx/internal/services/search/service.go:484.4,488.39 2 0
nyx/internal/services/search/service.go:488.39,489.10 1 0
nyx/internal/services/search/service.go:493.2,493.21 1 1
nyx/internal/services/search/service.go:493.21,495.3 1 0
nyx/internal/services/search/service.go:496.2,497.91 2 1
nyx/internal/services/search/service.go:497.91,499.3 1 1
nyx/internal/services/search/service.go:500.2,505.8 1 1
nyx/internal/services/search/service.go:508.85,510.16 2 1
nyx/internal/services/search/service.go:510.16,512.3 1 1
nyx/internal/services/search/service.go:513.2,515.16 3 1
nyx/internal/services/search/service.go:515.16,517.3 1 0
nyx/internal/services/search/service.go:518.2,523.16 5 1
nyx/internal/services/search/service.go:523.16,525.3 1 0
nyx/internal/services/search/service.go:526.2,529.16 3 1
nyx/internal/services/search/service.go:529.16,531.3 1 0
nyx/internal/services/search/service.go:532.2,532.15 1 1
nyx/internal/services/search/service.go:532.15,532.40 1 1
nyx/internal/services/search/service.go:534.2,535.16 2 1
nyx/internal/services/search/service.go:535.16,537.3 1 0
nyx/internal/services/search/service.go:538.2,538.28 1 1
nyx/internal/services/search/service.go:538.28,540.3 1 0
nyx/internal/services/search/service.go:542.2,543.23 2 1
nyx/internal/services/search/service.go:543.23,545.3 1 0
nyx/internal/services/search/service.go:546.2,551.8 1 1
nyx/internal/services/search/service.go:554.60,557.32 3 1
nyx/internal/services/search/service.go:557.32,558.21 1 1
nyx/internal/services/search/service.go:558.21,559.12 1 0
nyx/internal/services/search/service.go:561.3,563.34 3 1
nyx/internal/services/search/service.go:563.34,564.12 1 0
nyx/internal/services/search/service.go:566.3,569.5 1 1
nyx/internal/services/search/service.go:571.2,571.16 1 1
nyx/internal/services/search/service.go:574.46,576.16 2 1
nyx/internal/services/search/service.go:576.16,578.3 1 0
nyx/internal/services/search/service.go:579.2,579.47 1 1
nyx/internal/services/search/service.go:579.47,580.75 1 1
nyx/internal/services/search/service.go:580.75,582.4 1 1
nyx/internal/services/search/service.go:584.2,584.12 1 1
nyx/internal/services/search/service.go:587.60,590.54 3 1
nyx/internal/services/search/service.go:590.54,592.3 1 1
nyx/internal/services/search/service.go:593.2,593.35 1 1
nyx/internal/services/search/service.go:596.37,598.2 1 1
nyx/internal/services/search/service.go:600.35,604.2 3 1
nyx/internal/services/search/service.go:606.37,608.43 2 0
nyx/internal/services/search/service.go:608.43,610.3 1 0
nyx/internal/services/search/service.go:611.2,611.26 1 0
nyx/internal/services/search/service.go:614.24,615.11 1 1
nyx/internal/services/search/service.go:615.11,617.3 1 1
nyx/internal/services/search/service.go:618.2,618.10 1 1
nyx/internal/services/browser/service.go:71.28,73.2 1 0
nyx/internal/services/browser/service.go:75.56,76.39 1 1
nyx/internal/services/browser/service.go:76.39,78.3 1 0
nyx/internal/services/browser/service.go:79.2,79.22 1 1
nyx/internal/services/browser/service.go:79.22,81.3 1 0
nyx/internal/services/browser/service.go:82.2,82.48 1 1
nyx/internal/services/browser/service.go:82.48,84.3 1 0
nyx/internal/services/browser/service.go:85.2,85.49 1 1
nyx/internal/services/browser/service.go:85.49,87.3 1 1
nyx/internal/services/browser/service.go:88.2,93.3 1 1
nyx/internal/services/browser/service.go:96.69,97.62 1 1
nyx/internal/services/browser/service.go:97.62,99.3 1 1
nyx/internal/services/browser/service.go:101.2,102.16 2 0
nyx/internal/services/browser/service.go:102.16,104.3 1 0
nyx/internal/services/browser/service.go:105.2,105.66 1 0
nyx/internal/services/browser/service.go:105.66,111.3 1 0
nyx/internal/services/browser/service.go:112.2,112.38 1 0
nyx/internal/services/browser/service.go:115.86,117.16 2 0
nyx/internal/services/browser/service.go:117.16,119.3 1 0
nyx/internal/services/browser/service.go:120.2,130.51 3 0
nyx/internal/services/browser/service.go:130.51,132.3 1 0
nyx/internal/services/browser/service.go:134.2,152.45 13 0
nyx/internal/services/browser/service.go:152.45,156.3 1 0
nyx/internal/services/browser/service.go:157.2,157.80 1 0
nyx/internal/services/browser/service.go:157.80,159.3 1 0
nyx/internal/services/browser/service.go:160.2,161.61 2 0
nyx/internal/services/browser/service.go:161.61,163.3 1 0
nyx/internal/services/browser/service.go:164.2,164.102 1 0
nyx/internal/services/browser/service.go:164.102,165.81 1 0
nyx/internal/services/browser/service.go:165.81,166.82 1 0
nyx/internal/services/browser/service.go:166.82,168.5 1 0
nyx/internal/services/browser/service.go:169.4,169.86 1 0
nyx/internal/services/browser/service.go:169.86,171.5 1 0
nyx/internal/services/browser/service.go:172.4,172.36 1 0
nyx/internal/services/browser/service.go:175.2,176.29 2 0
nyx/internal/services/browser/service.go:176.29,181.3 1 0
nyx/internal/services/browser/service.go:182.2,184.57 2 0
nyx/internal/services/browser/service.go:184.57,186.3 1 0
nyx/internal/services/browser/service.go:188.2,189.25 2 0
nyx/internal/services/browser/service.go:189.25,190.73 1 0
nyx/internal/services/browser/service.go:190.73,192.4 1 0
nyx/internal/services/browser/service.go:194.2,195.29 2 0
nyx/internal/services/browser/service.go:195.29,197.73 2 0
nyx/internal/services/browser/service.go:197.73,199.4 1 0
nyx/internal/services/browser/service.go:202.2,203.189 2 0
nyx/internal/services/browser/service.go:203.189,205.3 1 0
nyx/internal/services/browser/service.go:206.2,207.35 2 0
nyx/internal/services/browser/service.go:207.35,209.3 1 0
nyx/internal/services/browser/service.go:211.2,222.8 1 0
nyx/internal/services/browser/service.go:225.92,230.16 4 1
nyx/internal/services/browser/service.go:230.16,236.3 1 0
nyx/internal/services/browser/service.go:237.2,237.45 1 1
nyx/internal/services/browser/service.go:237.45,239.3 1 1
nyx/internal/services/browser/service.go:240.2,240.73 1 1
nyx/internal/services/browser/service.go:240.73,241.34 1 1
nyx/internal/services/browser/service.go:241.34,250.4 1 0
nyx/internal/services/browser/service.go:253.2,254.16 2 1
nyx/internal/services/browser/service.go:254.16,256.25 2 0
nyx/internal/services/browser/service.go:256.25,258.4 1 0
nyx/internal/services/browser/service.go:259.3,263.4 1 0
nyx/internal/services/browser/service.go:265.2,272.58 7 1
nyx/internal/services/browser/service.go:272.58,275.3 2 1
nyx/internal/services/browser/service.go:277.2,278.89 2 1
nyx/internal/services/browser/service.go:278.89,280.3 1 1
nyx/internal/services/browser/service.go:281.2,282.24 2 1
nyx/internal/services/browser/service.go:282.24,284.3 1 0
nyx/internal/services/browser/service.go:285.2,286.42 2 1
nyx/internal/services/browser/service.go:286.42,290.3 3 1
nyx/internal/services/browser/service.go:292.2,302.3 1 1
nyx/internal/services/browser/service.go:305.70,307.16 2 1
nyx/internal/services/browser/service.go:307.16,309.3 1 0
nyx/internal/services/browser/service.go:310.2,311.16 2 1
[...]
nyx/internal/functions/risk.go:136.33,138.3 1 0
nyx/internal/functions/risk.go:139.2,139.95 1 0
nyx/internal/functions/risk.go:139.95,141.3 1 0
nyx/internal/functions/risk.go:142.2,142.126 1 0
nyx/internal/functions/risk.go:142.126,144.3 1 0
nyx/internal/functions/risk.go:145.2,145.89 1 0
nyx/internal/functions/risk.go:145.89,147.3 1 0
nyx/internal/functions/risk.go:148.2,148.14 1 0
nyx/internal/functions/risk.go:151.98,152.29 1 0
nyx/internal/functions/risk.go:152.29,153.30 1 0
nyx/internal/functions/risk.go:153.30,154.12 1 0
nyx/internal/functions/risk.go:156.3,156.123 1 0
nyx/internal/functions/risk.go:156.123,158.4 1 0
nyx/internal/functions/risk.go:159.3,159.62 1 0
nyx/internal/functions/risk.go:159.62,161.4 1 0
nyx/internal/functions/risk.go:163.2,163.14 1 0
nyx/internal/functions/risk.go:166.62,167.104 1 0
nyx/internal/functions/risk.go:167.104,168.29 1 0
nyx/internal/functions/risk.go:168.29,170.4 1 0
nyx/internal/functions/risk.go:172.2,172.48 1 0
nyx/internal/functions/risk.go:175.52,176.31 1 0
nyx/internal/functions/risk.go:176.31,177.41 1 0
nyx/internal/functions/risk.go:177.41,179.4 1 0
nyx/internal/functions/risk.go:181.2,181.14 1 0
nyx/internal/functions/risk.go:184.78,185.20 1 0
nyx/internal/functions/risk.go:185.20,187.3 1 0
nyx/internal/functions/risk.go:188.2,188.33 1 0
nyx/internal/functions/risk.go:188.33,189.30 1 0
nyx/internal/functions/risk.go:189.30,190.44 1 0
nyx/internal/functions/risk.go:190.44,191.103 1 0
nyx/internal/functions/risk.go:191.103,193.6 1 0
nyx/internal/functions/risk.go:195.4,196.40 2 0
nyx/internal/functions/risk.go:196.40,197.123 1 0
nyx/internal/functions/risk.go:197.123,199.6 1 0
nyx/internal/functions/risk.go:203.2,203.14 1 0
nyx/internal/functions/scope.go:22.57,24.16 2 1
nyx/internal/functions/scope.go:24.16,26.3 1 0
nyx/internal/functions/scope.go:27.2,30.8 1 1
nyx/internal/functions/scope.go:33.56,34.37 1 1
nyx/internal/functions/scope.go:34.37,36.3 1 0
nyx/internal/functions/scope.go:37.2,37.37 1 1
nyx/internal/functions/scope.go:37.37,39.3 1 1
nyx/internal/functions/scope.go:41.2,42.16 2 1
nyx/internal/functions/scope.go:42.16,44.3 1 0
nyx/internal/functions/scope.go:45.2,46.16 2 1
nyx/internal/functions/scope.go:46.16,48.3 1 0
nyx/internal/functions/scope.go:49.2,49.29 1 1
nyx/internal/functions/scope.go:49.29,51.3 1 1
nyx/internal/functions/scope.go:52.2,52.12 1 1
nyx/internal/functions/scope.go:55.57,57.19 2 1
nyx/internal/functions/scope.go:57.19,59.3 1 1
nyx/internal/functions/scope.go:60.2,60.37 1 1
nyx/internal/functions/scope.go:60.37,62.3 1 1
nyx/internal/functions/scope.go:64.2,65.16 2 1
nyx/internal/functions/scope.go:65.16,67.3 1 0
nyx/internal/functions/scope.go:69.2,70.39 2 1
nyx/internal/functions/scope.go:70.39,71.34 1 1
nyx/internal/functions/scope.go:71.34,72.12 1 1
nyx/internal/functions/scope.go:74.3,74.124 1 1
nyx/internal/functions/scope.go:76.2,76.12 1 1
nyx/internal/functions/scope.go:79.50,81.16 2 1
nyx/internal/functions/scope.go:81.16,83.3 1 0
nyx/internal/functions/scope.go:84.2,84.20 1 1
nyx/internal/functions/scope.go:84.20,86.3 1 0
nyx/internal/functions/scope.go:87.2,87.42 1 1
nyx/internal/functions/scope.go:87.42,89.3 1 0
nyx/internal/functions/scope.go:90.2,90.67 1 1
nyx/internal/functions/scope.go:90.67,92.3 1 1
nyx/internal/functions/scope.go:93.2,93.44 1 1
nyx/internal/functions/scope.go:96.50,100.71 3 1
nyx/internal/functions/scope.go:100.71,101.43 1 1
nyx/internal/functions/scope.go:101.43,102.32 1 1
nyx/internal/functions/scope.go:102.32,105.5 2 1
nyx/internal/functions/scope.go:109.2,109.72 1 1
nyx/internal/functions/scope.go:109.72,111.52 2 1
nyx/internal/functions/scope.go:111.52,112.12 1 0
nyx/internal/functions/scope.go:114.3,114.30 1 1
nyx/internal/functions/scope.go:114.30,115.12 1 1
nyx/internal/functions/scope.go:117.3,118.26 2 0
nyx/internal/functions/scope.go:121.2,121.67 1 1
nyx/internal/functions/scope.go:121.67,123.52 2 0
nyx/internal/functions/scope.go:123.52,124.12 1 0
nyx/internal/functions/scope.go:126.3,126.30 1 0
nyx/internal/functions/scope.go:126.30,127.12 1 0
nyx/internal/functions/scope.go:129.3,130.26 2 0
nyx/internal/functions/scope.go:132.2,132.12 1 1
nyx/internal/functions/scope.go:135.50,136.16 1 1
nyx/internal/functions/scope.go:136.16,138.3 1 0
nyx/internal/functions/scope.go:139.2,139.40 1 1
nyx/internal/functions/scope.go:139.40,141.3 1 0
nyx/internal/functions/scope.go:142.2,142.14 1 1
nyx/internal/functions/scope.go:143.19,144.14 1 0
nyx/internal/functions/scope.go:146.2,148.4 1 1
nyx/internal/functions/scope.go:148.4,149.38 1 1
nyx/internal/functions/scope.go:149.38,151.4 1 0
nyx/internal/functions/scope.go:153.2,153.14 1 1
nyx/internal/functions/scope.go:156.35,158.15 2 1
nyx/internal/functions/scope.go:158.15,160.3 1 0
nyx/internal/functions/scope.go:162.2,162.34 1 1
nyx/internal/functions/scope.go:162.34,164.17 2 1
nyx/internal/functions/scope.go:164.17,166.4 1 0
nyx/internal/functions/scope.go:167.3,167.63 1 1
nyx/internal/functions/scope.go:170.2,171.19 2 1
nyx/internal/functions/scope.go:171.19,173.3 1 0
nyx/internal/functions/scope.go:174.2,174.51 1 1
nyx/internal/functions/scope.go:174.51,176.3 1 0
nyx/internal/functions/scope.go:177.2,177.60 1 1
nyx/internal/functions/scope.go:177.60,178.49 1 0
nyx/internal/functions/scope.go:178.49,180.4 1 0
nyx/internal/functions/scope.go:181.3,181.35 1 0
nyx/internal/functions/scope.go:181.35,183.4 1 0
nyx/internal/functions/scope.go:185.2,185.36 1 1
nyx/internal/functions/scope.go:185.36,187.3 1 0
nyx/internal/functions/scope.go:188.2,188.38 1 1
nyx/internal/functions/scope.go:188.38,190.3 1 0
nyx/internal/functions/scope.go:191.2,192.64 2 1
nyx/internal/functions/scope.go:192.64,194.3 1 1
nyx/internal/functions/scope.go:195.2,196.16 2 1
nyx/internal/functions/scope.go:196.16,198.3 1 0
nyx/internal/functions/scope.go:199.2,199.13 1 1
nyx/internal/functions/scope.go:202.44,204.16 2 1
nyx/internal/functions/scope.go:204.16,206.3 1 0
nyx/internal/functions/scope.go:207.2,207.30 1 1
nyx/internal/functions/scope.go:207.30,209.3 1 0
nyx/internal/functions/scope.go:210.2,211.21 2 1
nyx/internal/functions/scope.go:211.21,213.3 1 0
nyx/internal/functions/scope.go:214.2,214.88 1 1
nyx/internal/functions/scope.go:214.88,216.3 1 1
nyx/internal/functions/scope.go:217.2,217.50 1 1
nyx/internal/functions/scope.go:220.58,221.24 1 1
nyx/internal/functions/scope.go:221.24,223.3 1 1
nyx/internal/functions/scope.go:224.2,224.21 1 1
nyx/internal/functions/scope.go:225.53,226.14 1 1
nyx/internal/functions/scope.go:227.10,228.15 1 0
nyx/internal/executor/docker.go:25.66,27.2 1 0
nyx/internal/executor/docker.go:29.89,31.2 1 1
nyx/internal/executor/docker.go:33.136,34.36 1 1
nyx/internal/executor/docker.go:34.36,36.3 1 1
nyx/internal/executor/docker.go:37.2,37.43 1 1
nyx/internal/executor/docker.go:37.43,39.3 1 1
nyx/internal/executor/docker.go:40.2,40.25 1 1
nyx/internal/executor/docker.go:40.25,42.3 1 1
nyx/internal/executor/docker.go:43.2,50.3 1 1
nyx/internal/executor/docker.go:53.42,54.55 1 1
nyx/internal/executor/docker.go:54.55,56.3 1 0
nyx/internal/executor/docker.go:57.2,58.16 2 1
nyx/internal/executor/docker.go:58.16,60.3 1 1
nyx/internal/executor/docker.go:61.2,61.59 1 1
nyx/internal/executor/docker.go:61.59,63.3 1 1
nyx/internal/executor/docker.go:64.2,64.60 1 1
nyx/internal/executor/docker.go:64.60,66.3 1 1
nyx/internal/executor/docker.go:67.2,68.12 2 1
nyx/internal/executor/docker.go:71.83,75.16 4 0
nyx/internal/executor/docker.go:75.16,85.3 1 0
nyx/internal/executor/docker.go:87.2,89.59 3 0
nyx/internal/executor/docker.go:89.59,93.17 4 0
nyx/internal/executor/docker.go:93.17,95.4 1 0
nyx/internal/executor/docker.go:96.3,96.83 1 0
nyx/internal/executor/docker.go:96.83,97.9 1 0
nyx/internal/executor/docker.go:100.2,100.22 1 0
nyx/internal/executor/docker.go:103.39,103.58 1 1
nyx/internal/executor/docker.go:105.121,109.16 4 0
nyx/internal/executor/docker.go:109.16,122.3 1 0
nyx/internal/executor/docker.go:123.2,124.16 2 0
nyx/internal/executor/docker.go:124.16,126.3 1 0
nyx/internal/executor/docker.go:128.2,131.16 3 0
nyx/internal/executor/docker.go:131.16,133.3 1 0
nyx/internal/executor/docker.go:135.2,139.27 4 0
nyx/internal/executor/docker.go:139.27,141.22 2 0
nyx/internal/executor/docker.go:141.22,142.12 1 0
nyx/internal/executor/docker.go:144.3,144.69 1 0
nyx/internal/executor/docker.go:144.69,145.12 1 0
nyx/internal/executor/docker.go:147.3,147.34 1 0
nyx/internal/executor/docker.go:149.2,152.22 3 0
nyx/internal/executor/docker.go:152.22,153.38 1 0
nyx/internal/executor/docker.go:153.38,167.4 2 0
nyx/internal/executor/docker.go:168.3,168.28 1 0
nyx/internal/executor/docker.go:171.2,196.24 14 0
nyx/internal/executor/docker.go:196.24,198.3 1 0
nyx/internal/executor/docker.go:199.2,200.16 2 0
nyx/internal/executor/docker.go:200.16,201.47 1 0
nyx/internal/executor/docker.go:201.47,203.4 1 0
nyx/internal/executor/docker.go:204.3,205.21 2 0
nyx/internal/executor/docker.go:207.2,207.20 1 0
nyx/internal/executor/docker.go:210.64,211.74 1 1
nyx/internal/executor/docker.go:211.74,213.3 1 1
nyx/internal/executor/docker.go:214.2,214.16 1 1
nyx/internal/executor/docker.go:217.119,219.39 2 1
nyx/internal/executor/docker.go:219.39,221.3 1 1
nyx/internal/executor/docker.go:223.2,238.26 2 1
nyx/internal/executor/docker.go:238.26,240.3 1 1
nyx/internal/executor/docker.go:241.2,241.13 1 1
nyx/internal/executor/docker.go:250.44,252.16 2 1
nyx/internal/executor/docker.go:252.16,254.3 1 1
nyx/internal/executor/docker.go:255.2,256.16 2 1
nyx/internal/executor/docker.go:256.16,257.37 1 0
nyx/internal/executor/docker.go:257.37,259.4 1 0
nyx/internal/executor/docker.go:260.3,260.79 1 0
nyx/internal/executor/docker.go:262.2,262.18 1 1
nyx/internal/executor/docker.go:262.18,264.3 1 0
nyx/internal/executor/docker.go:265.2,265.36 1 1
nyx/internal/executor/docker.go:265.36,267.3 1 0
nyx/internal/executor/docker.go:268.2,268.24 1 1
nyx/internal/executor/docker.go:271.71,273.17 2 1
nyx/internal/executor/docker.go:273.17,275.3 1 0
nyx/internal/executor/docker.go:276.2,277.16 2 1
nyx/internal/executor/docker.go:277.16,279.3 1 1
nyx/internal/executor/docker.go:280.2,281.48 2 1
nyx/internal/executor/docker.go:281.48,283.3 1 1
nyx/internal/executor/docker.go:284.2,284.18 1 1
nyx/internal/executor/docker.go:284.18,286.3 1 1
nyx/internal/executor/docker.go:287.2,287.28 1 1
nyx/internal/executor/docker.go:290.72,291.62 1 1
nyx/internal/executor/docker.go:291.62,293.3 1 1
nyx/internal/executor/docker.go:294.2,295.16 2 1
nyx/internal/executor/docker.go:295.16,297.3 1 0
nyx/internal/executor/docker.go:298.2,299.16 2 1
nyx/internal/executor/docker.go:299.16,301.3 1 0
nyx/internal/executor/docker.go:302.2,303.18 2 1
nyx/internal/executor/docker.go:303.18,305.3 1 1
nyx/internal/executor/docker.go:306.2,306.28 1 1
nyx/internal/executor/docker.go:309.69,316.34 6 1
nyx/internal/executor/docker.go:316.34,317.44 1 1
nyx/internal/executor/docker.go:317.44,319.4 1 0
nyx/internal/executor/docker.go:320.3,320.49 1 1
nyx/internal/executor/docker.go:322.2,322.16 1 1
nyx/internal/executor/flow_control.go:23.86,25.2 1 1
nyx/internal/executor/flow_control.go:27.111,28.23 1 1
nyx/internal/executor/flow_control.go:28.23,30.3 1 0
nyx/internal/executor/flow_control.go:31.2,31.21 1 1
nyx/internal/executor/flow_control.go:31.21,33.3 1 0
nyx/internal/executor/flow_control.go:34.2,34.23 1 1
nyx/internal/executor/flow_control.go:34.23,36.3 1 0
nyx/internal/executor/flow_control.go:37.2,42.3 1 1
nyx/internal/executor/flow_control.go:45.86,47.6 2 1
nyx/internal/executor/flow_control.go:47.6,49.16 2 1
nyx/internal/executor/flow_control.go:49.16,50.18 1 1
nyx/internal/executor/flow_control.go:50.18,50.39 1 1
nyx/internal/executor/flow_control.go:52.3,53.10 2 1
nyx/internal/executor/flow_control.go:54.21,56.25 2 0
nyx/internal/executor/flow_control.go:57.18,57.18 0 1
nyx/internal/executor/flow_control.go:62.66,68.37 5 1
nyx/internal/executor/flow_control.go:68.37,70.3 1 0
nyx/internal/executor/flow_control.go:71.2,71.23 1 1
nyx/internal/executor/flow_control.go:71.23,73.30 2 1
nyx/internal/executor/flow_control.go:73.30,75.4 1 1
nyx/internal/executor/flow_control.go:77.2,79.10 3 1
nyx/internal/executor/flow_control.go:82.49,87.9 4 1
nyx/internal/executor/flow_control.go:87.9,89.3 1 0
nyx/internal/executor/flow_control.go:90.2,90.22 1 1
nyx/internal/executor/flow_control.go:90.22,92.3 1 1
nyx/internal/executor/flow_control.go:93.2,93.93 1 1
nyx/internal/executor/flow_control.go:93.93,95.3 1 0
nyx/internal/executor/flow_control.go:98.65,100.9 2 1
nyx/internal/executor/flow_control.go:100.9,103.3 2 1
nyx/internal/executor/flow_control.go:104.2,104.14 1 1
nyx/internal/executor/flow_control.go:107.44,108.18 1 1
nyx/internal/executor/flow_control.go:108.18,110.3 1 0
nyx/internal/executor/flow_control.go:111.2,111.15 1 1
nyx/internal/executor/local.go:17.38,19.2 1 0
nyx/internal/executor/local.go:21.66,22.25 1 1
nyx/internal/executor/local.go:22.25,24.3 1 1
nyx/internal/executor/local.go:25.2,25.52 1 1
nyx/internal/executor/local.go:28.82,31.16 3 1
nyx/internal/executor/local.go:31.16,40.3 1 0
nyx/internal/executor/local.go:42.2,44.59 3 1
nyx/internal/executor/local.go:44.59,48.17 4 1
nyx/internal/executor/local.go:48.17,50.4 1 1
nyx/internal/executor/local.go:51.3,51.83 1 1
nyx/internal/executor/local.go:51.83,52.9 1 1
nyx/internal/executor/local.go:55.2,55.22 1 1
nyx/internal/executor/local.go:58.120,61.16 3 1
nyx/internal/executor/local.go:61.16,63.3 1 0
nyx/internal/executor/local.go:65.2,66.16 2 1
nyx/internal/executor/local.go:66.16,68.3 1 0
nyx/internal/executor/local.go:70.2,99.16 16 1
nyx/internal/executor/local.go:99.16,100.47 1 1
nyx/internal/executor/local.go:100.47,102.4 1 1
nyx/internal/executor/local.go:103.3,104.21 2 1
nyx/internal/executor/local.go:106.2,106.20 1 1
nyx/internal/executor/local.go:109.38,109.56 1 1
nyx/internal/executor/local.go:111.142,125.2 1 1
nyx/internal/executor/local.go:127.53,128.16 1 1
nyx/internal/executor/local.go:128.16,130.3 1 1
nyx/internal/executor/local.go:131.2,131.40 1 1
nyx/internal/executor/local.go:131.40,133.3 1 1
nyx/internal/executor/local.go:134.2,135.30 2 1
nyx/internal/executor/local.go:135.30,137.3 1 1
nyx/internal/executor/local.go:138.2,138.11 1 0
nyx/internal/executor/manager.go:37.47,39.14 2 1
nyx/internal/executor/manager.go:40.16,49.44 2 1
nyx/internal/executor/manager.go:49.44,51.4 1 1
nyx/internal/executor/manager.go:52.3,52.22 1 1
nyx/internal/executor/manager.go:53.14,62.44 2 1
nyx/internal/executor/manager.go:62.44,64.4 1 0
nyx/internal/executor/manager.go:65.3,65.65 1 1
nyx/internal/executor/manager.go:66.10,67.36 1 0
nyx/internal/executor/manager.go:67.36,69.4 1 0
nyx/internal/executor/manager.go:70.3,70.65 1 0
nyx/internal/executor/manager.go:74.41,75.21 1 0
nyx/internal/executor/manager.go:76.18,78.17 2 0
nyx/internal/executor/manager.go:78.17,80.4 1 0
nyx/internal/executor/manager.go:81.3,81.85 1 0
nyx/internal/executor/manager.go:82.14,84.17 2 0
nyx/internal/executor/manager.go:84.17,86.4 1 0
nyx/internal/executor/manager.go:87.3,87.82 1 0
nyx/internal/executor/manager.go:88.10,89.80 1 0
nyx/internal/executor/network.go:21.46,22.49 1 1
nyx/internal/executor/network.go:23.27,24.25 1 1
nyx/internal/executor/network.go:25.25,26.27 1 1
nyx/internal/executor/network.go:27.25,28.27 1 1
nyx/internal/executor/network.go:29.10,30.12 1 0
nyx/internal/executor/network.go:34.72,35.21 1 1
nyx/internal/executor/network.go:35.21,37.3 1 1
nyx/internal/executor/network.go:38.2,39.15 2 1
nyx/internal/executor/network.go:39.15,41.3 1 1
nyx/internal/executor/network.go:42.2,43.16 2 1
nyx/internal/executor/network.go:43.16,45.3 1 0
nyx/internal/executor/network.go:46.2,46.19 1 1
nyx/internal/executor/network.go:49.100,51.16 2 1
nyx/internal/executor/network.go:51.16,53.3 1 0
nyx/internal/executor/network.go:54.2,54.73 1 1
nyx/internal/executor/network.go:54.73,56.3 1 0
nyx/internal/executor/network.go:58.2,59.72 2 1
nyx/internal/executor/network.go:59.72,61.17 2 1
nyx/internal/executor/network.go:61.17,63.4 1 0
nyx/internal/executor/network.go:64.3,64.12 1 1
nyx/internal/executor/network.go:64.12,66.4 1 1
nyx/internal/executor/network.go:69.2,69.50 1 1
nyx/internal/executor/network.go:69.50,71.3 1 0
nyx/internal/executor/network.go:72.2,72.42 1 1
nyx/internal/executor/network.go:72.42,74.3 1 1
nyx/internal/executor/network.go:76.2,80.8 1 1
nyx/internal/executor/profiles.go:21.62,22.53 1 1
nyx/internal/executor/profiles.go:23.18,38.9 1 1
nyx/internal/executor/profiles.go:39.14,67.9 1 1
nyx/internal/executor/profiles.go:68.10,69.79 1 0
nyx/internal/executor/profiles.go:73.36,75.2 1 1
nyx/internal/executor/profiles.go:77.36,79.17 2 1
nyx/internal/executor/profiles.go:79.17,81.3 1 0
nyx/internal/executor/profiles.go:83.2,84.26 2 1
nyx/internal/executor/profiles.go:84.26,85.10 1 1
nyx/internal/executor/profiles.go:86.29,87.18 1 1
nyx/internal/executor/profiles.go:88.29,89.18 1 0
nyx/internal/executor/profiles.go:90.29,91.18 1 1
nyx/internal/executor/profiles.go:92.37,93.18 1 1
nyx/internal/executor/profiles.go:94.11,95.20 1 0
nyx/internal/executor/profiles.go:99.2,100.15 2 1
nyx/internal/executor/profiles.go:100.15,102.3 1 0
nyx/internal/executor/profiles.go:103.2,103.12 1 1
nyx/internal/executor/profiles.go:106.78,107.35 1 1
nyx/internal/executor/profiles.go:107.35,109.3 1 0
nyx/internal/executor/profiles.go:111.2,117.54 2 1
nyx/internal/executor/profiles.go:117.54,119.3 1 0
nyx/internal/executor/profiles.go:120.2,120.23 1 1
nyx/internal/executor/profiles.go:123.81,124.44 1 1
nyx/internal/executor/profiles.go:124.44,126.3 1 0
nyx/internal/executor/profiles.go:127.2,127.39 1 1
nyx/internal/executor/profiles.go:127.39,129.3 1 0
nyx/internal/executor/profiles.go:131.2,132.16 2 1
nyx/internal/executor/profiles.go:132.16,134.3 1 0
nyx/internal/executor/profiles.go:136.2,146.62 2 1
nyx/internal/executor/profiles.go:146.62,148.3 1 1
nyx/internal/executor/profiles.go:149.2,149.71 1 1
nyx/internal/executor/profiles.go:149.71,151.3 1 1
nyx/internal/executor/profiles.go:153.2,153.44 1 1
nyx/internal/executor/profiles.go:153.44,155.17 2 1
nyx/internal/executor/profiles.go:155.17,157.4 1 0
nyx/internal/executor/profiles.go:158.3,159.17 2 1
nyx/internal/executor/profiles.go:159.17,161.4 1 0
nyx/internal/executor/profiles.go:163.3,167.4 1 1
nyx/internal/executor/profiles.go:170.2,170.17 1 1
nyx/internal/executor/profiles.go:173.55,175.33 2 1
nyx/internal/executor/profiles.go:175.33,177.3 1 0
nyx/internal/executor/profiles.go:178.2,178.27 1 1
nyx/internal/executor/profiles.go:178.27,180.3 1 0
nyx/internal/executor/profiles.go:181.2,181.78 1 1
nyx/internal/executor/profiles.go:181.78,183.3 1 1
nyx/internal/executor/profiles.go:184.2,184.19 1 1
nyx/internal/executor/profiles.go:187.57,189.17 2 1
nyx/internal/executor/profiles.go:189.17,191.3 1 0
nyx/internal/executor/profiles.go:192.2,192.15 1 1
nyx/internal/executor/profiles.go:193.31,194.20 1 1
nyx/internal/executor/profiles.go:195.10,196.62 1 0
nyx/internal/executor/profiles.go:200.76,201.53 1 1
nyx/internal/executor/profiles.go:201.53,203.30 2 1
nyx/internal/executor/profiles.go:203.30,205.18 2 1
nyx/internal/executor/profiles.go:205.18,207.5 1 1
nyx/internal/executor/profiles.go:210.2,210.16 1 1
nyx/internal/executor/profiles.go:210.16,212.3 1 1
nyx/internal/executor/profiles.go:213.2,213.28 1 0
nyx/internal/executor/toolset.go:10.53,11.62 1 1
nyx/internal/executor/toolset.go:11.62,13.3 1 1
nyx/internal/executor/toolset.go:14.2,14.36 1 1
nyx/internal/executor/toolset.go:14.36,16.3 1 1
nyx/internal/executor/toolset.go:17.2,17.23 1 1
nyx/internal/executor/toolset.go:20.42,21.49 1 1
nyx/internal/executor/toolset.go:22.22,23.24 1 1
nyx/internal/executor/toolset.go:24.22,25.24 1 1
nyx/internal/executor/toolset.go:26.10,27.12 1 1
nyx/internal/executor/toolset.go:31.60,32.21 1 1
nyx/internal/executor/toolset.go:32.21,34.3 1 0
nyx/internal/executor/toolset.go:35.2,57.4 2 1
nyx/internal/executor/toolset.go:57.4,58.41 1 1
nyx/internal/executor/toolset.go:58.41,60.4 1 1
nyx/internal/executor/toolset.go:62.2,62.14 1 1
